\BOOKMARK [1][-]{section*.1}{\376\377\000R\000e\000v\000i\000e\000w\000\040\000o\000f\000\040\000t\000h\000e\000\040\000c\000o\000u\000r\000s\000e\000\040\000`\000`\000R\000\040\000f\000o\000r\000\040\000D\000a\000t\000a\000\040\000S\000c\000i\000e\000n\000c\000e\000'\000'\000\040\000P\000a\000r\000t\000\040\0000\0001\000\050\000T\000a\000l\000k\000\040\0000\0001\000\176\000\040\0000\0004\000\051}{}% 1
\BOOKMARK [1][-]{section*.2}{\376\377\000M\000u\000l\000t\000i\000-\000o\000m\000i\000c\000s\000\040\000d\000a\000t\000a\000\040\000a\000n\000a\000l\000y\000s\000i\000s\000\040\000a\000n\000d\000\040\000v\000i\000s\000u\000a\000l\000i\000s\000a\000t\000i\000o\000n\000,\000\040\000\043\0001}{}% 2
\BOOKMARK [1][-]{section*.3}{\376\377\000R\000\040\000l\000a\000n\000g\000u\000a\000g\000e\000\040\000b\000a\000s\000i\000c\000s\000,\000\040\000p\000a\000r\000t\000\040\0001}{}% 3
\BOOKMARK [2][-]{section*.4}{\376\377\000F\000u\000n\000d\000a\000m\000e\000n\000t\000a\000l\000\040\000D\000a\000t\000a\000\040\000T\000y\000p\000e}{section*.3}% 4
\BOOKMARK [2][-]{section*.5}{\376\377\000S\000i\000m\000p\000l\000e\000\040\000D\000a\000t\000a\000\040\000T\000y\000p\000e\000s}{section*.3}% 5
\BOOKMARK [2][-]{section*.6}{\376\377\000C\000o\000n\000v\000e\000r\000s\000i\000o\000n\000\040\000b\000e\000t\000w\000e\000e\000n\000\040\000d\000a\000t\000a\000\040\000t\000y\000p\000e\000s}{section*.3}% 6
\BOOKMARK [2][-]{section*.7}{\376\377\000S\000o\000m\000e\000\040\000s\000p\000e\000c\000i\000a\000l\000\040\000v\000a\000l\000u\000e\000s\000\040\000i\000n\000\040\000m\000a\000t\000r\000i\000c\000e\000s}{section*.3}% 7
\BOOKMARK [2][-]{section*.8}{\376\377\000V\000e\000c\000t\000o\000r\000s\000\040\000a\000n\000d\000\040\000A\000r\000r\000a\000y\000s}{section*.3}% 8
\BOOKMARK [3][-]{section*.9}{\376\377\000V\000e\000c\000t\000o\000r\000\040\000m\000a\000n\000i\000u\000l\000a\000t\000i\000o\000n}{section*.8}% 9
\BOOKMARK [2][-]{section*.10}{\376\377\000T\000h\000e\000\040\000h\000i\000e\000r\000a\000r\000c\000h\000y\000\040\000o\000f\000\040\000R\000'\000s\000\040\000v\000e\000c\000t\000o\000r\000\040\000t\000y\000p\000e\000s}{section*.3}% 10
\BOOKMARK [1][-]{section*.11}{\376\377\000R\000\040\000l\000a\000n\000g\000u\000a\000g\000e\000\040\000b\000a\000s\000i\000c\000s\000,\000\040\000p\000a\000r\000t\000\040\0002}{}% 11
\BOOKMARK [2][-]{section*.12}{\376\377\000d\000a\000t\000a\000.\000f\000r\000a\000m\000e}{section*.11}% 12
\BOOKMARK [3][-]{section*.13}{\376\377\000W\000h\000a\000t\000\040\000i\000s\000\040\000a\000\040\000d\000a\000t\000a\000.\000f\000r\000a\000m\000e\000?}{section*.12}% 13
\BOOKMARK [3][-]{section*.14}{\376\377\000U\000s\000a\000g\000e\000\040\000o\000f\000\040\000h\000e\000a\000d\000\050\000\051\000\040\000a\000n\000d\000\040\000t\000a\000i\000l\000\050\000\051}{section*.12}% 14
\BOOKMARK [3][-]{section*.15}{\376\377\000C\000o\000m\000p\000o\000n\000e\000n\000t\000s\000\040\000o\000f\000\040\000d\000a\000t\000a\000.\000f\000r\000a\000m\000e\000\040\000a\000n\000d\000\040\000c\000o\000m\000m\000o\000n\000\040\000f\000u\000n\000c\000t\000i\000o\000n\000s}{section*.12}% 15
\BOOKMARK [3][-]{section*.16}{\376\377\000S\000t\000r\000u\000c\000t\000u\000r\000e\000\040\000o\000f\000\040\000d\000a\000t\000a\000.\000f\000r\000a\000m\000e\000\040\000\046\000\040\000t\000i\000b\000b\000l\000e}{section*.12}% 16
\BOOKMARK [3][-]{section*.17}{\376\377\000M\000a\000k\000e\000\040\000a\000\040\000n\000e\000w\000\040\000d\000a\000t\000a\000.\000f\000r\000a\000m\000e}{section*.12}% 17
\BOOKMARK [3][-]{section*.18}{\376\377\000H\000o\000w\000\040\000t\000o\000\040\000a\000d\000d\000\040\000r\000o\000w\000\050\000s\000\051\000/\000c\000o\000l\000\050\000s\000\051\000\040\000t\000o\000\040\000a\000n\000\040\000e\000x\000i\000s\000t\000i\000n\000g\000\040\000d\000a\000t\000a\000.\000f\000r\000a\000m\000e}{section*.12}% 18
\BOOKMARK [2][-]{section*.19}{\376\377\000t\000i\000b\000b\000l\000e}{section*.11}% 19
\BOOKMARK [3][-]{section*.20}{\376\377\000M\000a\000k\000e\000\040\000n\000e\000w\000\040\000t\000i\000b\000b\000l\000e}{section*.19}% 20
\BOOKMARK [3][-]{section*.21}{\376\377\000M\000a\000n\000i\000p\000u\000l\000a\000t\000e\000\040\000t\000h\000e\000\040\000t\000i\000b\000b\000l\000e}{section*.19}% 21
\BOOKMARK [3][-]{section*.22}{\376\377\000t\000i\000b\000b\000l\000e\000\040\000t\000o\000\040\000d\000a\000t\000a\000.\000f\000r\000a\000m\000e}{section*.19}% 22
\BOOKMARK [2][-]{section*.23}{\376\377\000D\000i\000f\000f\000e\000r\000e\000n\000c\000e\000s\000\040\000b\000e\000t\000w\000e\000e\000n\000\040\000t\000i\000b\000b\000l\000e\000\040\000a\000n\000d\000\040\000d\000a\000t\000a\000.\000f\000r\000a\000m\000e}{section*.11}% 23
\BOOKMARK [3][-]{section*.24}{\376\377\000T\000i\000b\000b\000l\000e\000\040\000e\000v\000a\000l\000u\000a\000t\000e\000s\000\040\000c\000o\000l\000u\000m\000n\000s\000\040\000s\000e\000q\000u\000e\000n\000t\000i\000a\000l\000l\000y}{section*.23}% 24
\BOOKMARK [3][-]{section*.25}{\376\377\000d\000a\000t\000a\000.\000f\000r\000a\000m\000e\000\040\000c\000a\000u\000s\000e\000s\000\040\000t\000r\000o\000u\000b\000l\000e\000\040\000w\000h\000e\000n\000\040\000f\000e\000t\000c\000h\000i\000n\000g\000\040\000s\000u\000b\000s\000e\000t\000\040\000o\000p\000e\000r\000a\000t\000i\000o\000n\000s}{section*.23}% 25
\BOOKMARK [3][-]{section*.26}{\376\377\000t\000i\000b\000b\000l\000e\000\040\000a\000l\000l\000o\000w\000s\000\040\000c\000o\000n\000t\000r\000o\000l\000l\000e\000d\000\040\000d\000a\000t\000a\000\040\000t\000y\000p\000e\000\040\000c\000o\000n\000v\000e\000r\000s\000i\000o\000n}{section*.23}% 26
\BOOKMARK [3][-]{section*.27}{\376\377\000R\000e\000c\000y\000c\000l\000i\000n\000g}{section*.23}% 27
\BOOKMARK [3][-]{section*.28}{\376\377\000d\000a\000t\000a\000.\000f\000r\000a\000m\000e\000\040\000w\000i\000l\000l\000\040\000d\000o\000\040\000p\000a\000r\000t\000i\000a\000l\000\040\000m\000a\000t\000c\000h\000i\000n\000g\000,\000\040\000w\000h\000i\000l\000e\000\040\000t\000i\000b\000b\000l\000e\000\040\000w\000i\000l\000l\000\040\000N\000E\000V\000E\000R\000\040\000d\000o\000\040\000i\000t\000.}{section*.23}% 28
\BOOKMARK [2][-]{section*.29}{\376\377\000A\000d\000v\000a\000n\000c\000e\000d\000\040\000t\000i\000p\000s\000\040\000f\000o\000r\000\040\000u\000s\000i\000n\000g\000\040\000d\000a\000t\000a\000.\000f\000r\000a\000m\000e\000\040\000a\000n\000d\000\040\000t\000i\000b\000b\000l\000e}{section*.11}% 29
\BOOKMARK [3][-]{section*.30}{\376\377\000a\000t\000t\000a\000c\000h\000\050\000\051\000\040\000a\000n\000d\000\040\000d\000e\000t\000a\000c\000h\000\050\000\051}{section*.29}% 30
\BOOKMARK [3][-]{section*.31}{\376\377\000w\000i\000t\000h\000\050\000\051}{section*.29}% 31
\BOOKMARK [3][-]{section*.32}{\376\377\000w\000i\000t\000h\000i\000n\000\050\000\051}{section*.29}% 32
\BOOKMARK [2][-]{section*.33}{\376\377\000F\000i\000l\000e\000\040\000I\000O}{section*.11}% 33
\BOOKMARK [3][-]{section*.34}{\376\377\000R\000e\000a\000d\000\040\000f\000r\000o\000m\000\040\000f\000i\000l\000e\000s}{section*.33}% 34
\BOOKMARK [3][-]{section*.36}{\376\377\000W\000r\000i\000t\000e\000\040\000t\000o\000\040\000f\000i\000l\000e\000s}{section*.33}% 35
\BOOKMARK [1][-]{section*.37}{\376\377\000R\000\040\000l\000a\000n\000g\000u\000a\000g\000e\000\040\000b\000a\000s\000i\000c\000s\000,\000\040\000p\000a\000r\000t\000\040\0003\000:\000\040\000f\000a\000c\000t\000o\000r}{}% 36
\BOOKMARK [2][-]{section*.38}{\376\377\000I\000O\000\040\000a\000n\000d\000\040\000w\000o\000r\000k\000i\000n\000g\000\040\000e\000n\000v\000i\000r\000o\000m\000e\000n\000t\000\040\000m\000a\000n\000a\000g\000e\000m\000e\000n\000t}{section*.37}% 37
\BOOKMARK [3][-]{section*.39}{\376\377\000S\000t\000a\000r\000t\000\040\000a\000\040\000n\000e\000w\000\040\000R\000S\000t\000u\000d\000i\000o\000\040\000s\000e\000s\000s\000i\000o\000n\000\040\000b\000y\000\040\000c\000r\000e\000a\000t\000i\000n\000g\000\040\000a\000\040\000n\000e\000w\000\040\000p\000r\000o\000j\000e\000c\000t}{section*.38}% 38
\BOOKMARK [3][-]{section*.40}{\376\377\000W\000o\000r\000k\000i\000n\000g\000\040\000S\000p\000a\000c\000e}{section*.38}% 39
\BOOKMARK [3][-]{section*.41}{\376\377\000V\000a\000r\000i\000a\000b\000l\000e\000s\000\040\000i\000n\000\040\000w\000o\000r\000k\000i\000n\000g\000\040\000s\000p\000a\000c\000e\000\040\000i\000n\000\040\000R\000S\000t\000u\000d\000i\000o}{section*.38}% 40
\BOOKMARK [3][-]{section*.42}{\376\377\000S\000a\000v\000e\000\040\000a\000n\000d\000\040\000r\000e\000s\000t\000o\000r\000e\000\040\000w\000o\000r\000k\000\040\000s\000p\000a\000c\000e}{section*.38}% 41
\BOOKMARK [3][-]{section*.43}{\376\377\000S\000a\000v\000e\000\040\000s\000e\000l\000e\000c\000t\000e\000d\000\040\000v\000a\000r\000i\000a\000b\000l\000e\000s}{section*.38}% 42
\BOOKMARK [3][-]{section*.44}{\376\377\000C\000l\000o\000s\000e\000\040\000a\000n\000d\000\040\000\050\000r\000e\000\051\000o\000p\000e\000n\000\040\000a\000\040\000p\000r\000o\000j\000e\000c\000t}{section*.38}% 43
\BOOKMARK [3][-]{section*.45}{\376\377\000O\000p\000e\000n\000\040\000a\000\040\000p\000r\000o\000j\000e\000c\000t}{section*.38}% 44
\BOOKMARK [2][-]{section*.46}{\376\377\000F\000a\000c\000t\000o\000r\000s}{section*.37}% 45
\BOOKMARK [3][-]{section*.47}{\376\377\000P\000l\000a\000y\000\040\000a\000r\000o\000u\000n\000d\000\040\000w\000i\000t\000h\000\040\000l\000e\000v\000e\000l\000s\000\050\000\051}{section*.46}% 46
\BOOKMARK [3][-]{section*.48}{\376\377\000U\000s\000e\000\040\000f\000a\000c\000t\000o\000r\000\040\000t\000o\000\040\000c\000l\000e\000a\000n\000\040\000d\000a\000t\000a}{section*.46}% 47
\BOOKMARK [3][-]{section*.49}{\376\377\000U\000s\000a\000g\000e\000\040\000o\000f\000\040\000f\000a\000c\000t\000o\000r\000s\000\040\000i\000n\000\040\000d\000r\000a\000w\000i\000n\000g\000\040\000p\000l\000o\000t\000s}{section*.46}% 48
\BOOKMARK [3][-]{section*.50}{\376\377\000U\000s\000i\000n\000g\000\040\000f\000a\000c\000t\000o\000r\000\040\000t\000o\000\040\000v\000h\000a\000n\000g\000e\000\040\000v\000a\000l\000u\000e\000s}{section*.46}% 49
\BOOKMARK [3][-]{section*.51}{\376\377\000D\000e\000l\000e\000t\000e\000\040\000u\000s\000e\000l\000e\000s\000s\000\040\000l\000e\000v\000e\000l\000s}{section*.46}% 50
\BOOKMARK [3][-]{section*.52}{\376\377\000A\000d\000v\000a\000n\000c\000e\000\040\000u\000s\000a\000g\000e}{section*.46}% 51
