This is XeTeX, Version 3.141592653-2.6-0.999995 (TeX Live 2023) (preloaded format=xelatex 2023.9.1)  18 SEP 2023 17:25
entering extended mode
 restricted \write18 enabled.
 %&-line parsing enabled.
**talk03-homework.tex
(./talk03-homework.tex
LaTeX2e <2023-06-01> patch level 1
L3 programming layer <2023-08-29>
(/Users/lucas/Library/TinyTeX/texmf-dist/tex/latex/ctex/ctexart.cls (/Users/lucas/Library/TinyTeX/texmf-dist/tex/latex/ctex/config/ctexbackend.cfg
File: ctexbackend.cfg 2022/07/14 v2.5.10 Backend configuration file (CTEX)
) (/Users/lucas/Library/TinyTeX/texmf-dist/tex/latex/l3kernel/expl3.sty
Package: expl3 2023-08-29 L3 programming layer (loader) 
(/Users/lucas/Library/TinyTeX/texmf-dist/tex/latex/l3backend/l3backend-xetex.def
File: l3backend-xetex.def 2023-04-19 L3 backend support: XeTeX
\g__graphics_track_int=\count181
\l__pdf_internal_box=\box51
\g__pdf_backend_object_int=\count182
\g__pdf_backend_annotation_int=\count183
\g__pdf_backend_link_int=\count184
))
Document Class: ctexart 2022/07/14 v2.5.10 Chinese adapter for class article (CTEX)
(/Users/lucas/Library/TinyTeX/texmf-dist/tex/latex/ctex/ctexhook.sty
Package: ctexhook 2022/07/14 v2.5.10 Document and package hooks (CTEX)
) (/Users/lucas/Library/TinyTeX/texmf-dist/tex/latex/ctex/ctexpatch.sty
Package: ctexpatch 2022/07/14 v2.5.10 Patching commands (CTEX)
) (/Users/lucas/Library/TinyTeX/texmf-dist/tex/latex/base/fix-cm.sty
Package: fix-cm 2020/11/24 v1.1t fixes to LaTeX
(/Users/lucas/Library/TinyTeX/texmf-dist/tex/latex/base/ts1enc.def
File: ts1enc.def 2001/06/05 v3.0e (jk/car/fm) Standard LaTeX file
LaTeX Font Info:    Redeclaring font encoding TS1 on input line 47.
))
\l__ctex_tmp_int=\count185
\l__ctex_tmp_box=\box52
\l__ctex_tmp_dim=\dimen140
\g__ctex_section_depth_int=\count186
\g__ctex_font_size_int=\count187
(/Users/lucas/Library/TinyTeX/texmf-dist/tex/latex/ctex/config/ctexopts.cfg
File: ctexopts.cfg 2022/07/14 v2.5.10 Option configuration file (CTEX)
) (/Users/lucas/Library/TinyTeX/texmf-dist/tex/latex/base/article.cls
Document Class: article 2023/05/17 v1.4n Standard LaTeX document class
(/Users/lucas/Library/TinyTeX/texmf-dist/tex/latex/base/size10.clo
File: size10.clo 2023/05/17 v1.4n Standard LaTeX file (size option)
)
\c@part=\count188
\c@section=\count189
\c@subsection=\count190
\c@subsubsection=\count191
\c@paragraph=\count192
\c@subparagraph=\count193
\c@figure=\count194
\c@table=\count195
\abovecaptionskip=\skip48
\belowcaptionskip=\skip49
\bibindent=\dimen141
) (/Users/lucas/Library/TinyTeX/texmf-dist/tex/latex/ctex/engine/ctex-engine-xetex.def
File: ctex-engine-xetex.def 2022/07/14 v2.5.10 XeLaTeX adapter (CTEX)
(/Users/lucas/Library/TinyTeX/texmf-dist/tex/xelatex/xecjk/xeCJK.sty
Package: xeCJK 2022/08/05 v3.9.1 Typesetting CJK scripts with XeLaTeX
(/Users/lucas/Library/TinyTeX/texmf-dist/tex/latex/l3packages/xtemplate/xtemplate.sty
Package: xtemplate 2023-02-02 L3 Experimental prototype document functions
\l__xtemplate_tmp_dim=\dimen142
\l__xtemplate_tmp_int=\count196
\l__xtemplate_tmp_muskip=\muskip16
\l__xtemplate_tmp_skip=\skip50
)
\l__xeCJK_tmp_int=\count197
\l__xeCJK_tmp_box=\box53
\l__xeCJK_tmp_dim=\dimen143
\l__xeCJK_tmp_skip=\skip51
\g__xeCJK_space_factor_int=\count198
\l__xeCJK_begin_int=\count199
\l__xeCJK_end_int=\count266
\c__xeCJK_CJK_class_int=\XeTeXcharclass1
\c__xeCJK_FullLeft_class_int=\XeTeXcharclass2
\c__xeCJK_FullRight_class_int=\XeTeXcharclass3
\c__xeCJK_HalfLeft_class_int=\XeTeXcharclass4
\c__xeCJK_HalfRight_class_int=\XeTeXcharclass5
\c__xeCJK_NormalSpace_class_int=\XeTeXcharclass6
\c__xeCJK_CM_class_int=\XeTeXcharclass7
\c__xeCJK_HangulJamo_class_int=\XeTeXcharclass8
\l__xeCJK_last_skip=\skip52
\c__xeCJK_none_node=\count267
\g__xeCJK_node_int=\count268
\c__xeCJK_CJK_node_dim=\dimen144
\c__xeCJK_CJK-space_node_dim=\dimen145
\c__xeCJK_default_node_dim=\dimen146
\c__xeCJK_CJK-widow_node_dim=\dimen147
\c__xeCJK_normalspace_node_dim=\dimen148
\c__xeCJK_default-space_node_skip=\skip53
\l__xeCJK_ccglue_skip=\skip54
\l__xeCJK_ecglue_skip=\skip55
\l__xeCJK_punct_kern_skip=\skip56
\l__xeCJK_indent_box=\box54
\l__xeCJK_last_penalty_int=\count269
\l__xeCJK_last_bound_dim=\dimen149
\l__xeCJK_last_kern_dim=\dimen150
\l__xeCJK_widow_penalty_int=\count270

Package xtemplate Info: Declaring object type 'xeCJK/punctuation' taking 0
(xtemplate)             argument(s) on line 2396.

\l__xeCJK_fixed_punct_width_dim=\dimen151
\l__xeCJK_mixed_punct_width_dim=\dimen152
\l__xeCJK_middle_punct_width_dim=\dimen153
\l__xeCJK_fixed_margin_width_dim=\dimen154
\l__xeCJK_mixed_margin_width_dim=\dimen155
\l__xeCJK_middle_margin_width_dim=\dimen156
\l__xeCJK_bound_punct_width_dim=\dimen157
\l__xeCJK_bound_margin_width_dim=\dimen158
\l__xeCJK_margin_minimum_dim=\dimen159
\l__xeCJK_kerning_total_width_dim=\dimen160
\l__xeCJK_same_align_margin_dim=\dimen161
\l__xeCJK_different_align_margin_dim=\dimen162
\l__xeCJK_kerning_margin_width_dim=\dimen163
\l__xeCJK_kerning_margin_minimum_dim=\dimen164
\l__xeCJK_bound_dim=\dimen165
\l__xeCJK_reverse_bound_dim=\dimen166
\l__xeCJK_margin_dim=\dimen167
\l__xeCJK_minimum_bound_dim=\dimen168
\l__xeCJK_kerning_margin_dim=\dimen169
\g__xeCJK_family_int=\count271
\l__xeCJK_fam_int=\count272
\g__xeCJK_fam_allocation_int=\count273
\l__xeCJK_verb_case_int=\count274
\l__xeCJK_verb_exspace_skip=\skip57
(/Users/lucas/Library/TinyTeX/texmf-dist/tex/latex/fontspec/fontspec.sty (/Users/lucas/Library/TinyTeX/texmf-dist/tex/latex/l3packages/xparse/xparse.sty
Package: xparse 2023-02-02 L3 Experimental document command parser
)
Package: fontspec 2022/01/15 v2.8a Font selection for XeLaTeX and LuaLaTeX
(/Users/lucas/Library/TinyTeX/texmf-dist/tex/latex/fontspec/fontspec-xetex.sty
Package: fontspec-xetex 2022/01/15 v2.8a Font selection for XeLaTeX and LuaLaTeX
\l__fontspec_script_int=\count275
\l__fontspec_language_int=\count276
\l__fontspec_strnum_int=\count277
\l__fontspec_tmp_int=\count278
\l__fontspec_tmpa_int=\count279
\l__fontspec_tmpb_int=\count280
\l__fontspec_tmpc_int=\count281
\l__fontspec_em_int=\count282
\l__fontspec_emdef_int=\count283
\l__fontspec_strong_int=\count284
\l__fontspec_strongdef_int=\count285
\l__fontspec_tmpa_dim=\dimen170
\l__fontspec_tmpb_dim=\dimen171
\l__fontspec_tmpc_dim=\dimen172
(/Users/lucas/Library/TinyTeX/texmf-dist/tex/latex/base/fontenc.sty
Package: fontenc 2021/04/29 v2.0v Standard LaTeX package
) (/Users/lucas/Library/TinyTeX/texmf-dist/tex/latex/fontspec/fontspec.cfg))) (/Users/lucas/Library/TinyTeX/texmf-dist/tex/xelatex/xecjk/xeCJK.cfg
File: xeCJK.cfg 2022/08/05 v3.9.1 Configuration file for xeCJK package
))
\ccwd=\dimen173
\l__ctex_ccglue_skip=\skip58
)
\l__ctex_ziju_dim=\dimen174
(/Users/lucas/Library/TinyTeX/texmf-dist/tex/latex/zhnumber/zhnumber.sty
Package: zhnumber 2022/07/14 v3.0 Typesetting numbers with Chinese glyphs
\l__zhnum_scale_int=\count286
\l__zhnum_tmp_int=\count287
(/Users/lucas/Library/TinyTeX/texmf-dist/tex/latex/zhnumber/zhnumber-utf8.cfg
File: zhnumber-utf8.cfg 2022/07/14 v3.0 Chinese numerals with UTF8 encoding
))
\l__ctex_heading_skip=\skip59
(/Users/lucas/Library/TinyTeX/texmf-dist/tex/latex/ctex/scheme/ctex-scheme-chinese-article.def
File: ctex-scheme-chinese-article.def 2022/07/14 v2.5.10 Chinese scheme for article (CTEX)
(/Users/lucas/Library/TinyTeX/texmf-dist/tex/latex/ctex/config/ctex-name-utf8.cfg
File: ctex-name-utf8.cfg 2022/07/14 v2.5.10 Caption with encoding UTF-8 (CTEX)
)) (/Users/lucas/Library/TinyTeX/texmf-dist/tex/latex/ctex/ctex-c5size.clo
File: ctex-c5size.clo 2022/07/14 v2.5.10 c5size option (CTEX)
) (/Users/lucas/Library/TinyTeX/texmf-dist/tex/latex/ctex/fontset/ctex-fontset-mac.def
File: ctex-fontset-mac.def 2022/07/14 v2.5.10 macOS fonts definition (CTEX)
(/Users/lucas/Library/TinyTeX/texmf-dist/tex/latex/ctex/fontset/ctex-fontset-macnew.def
File: ctex-fontset-macnew.def 2022/07/14 v2.5.10 macOS fonts definition for El Capitan or later version (CTEX)

Package fontspec Warning: Font "Songti SC Light" does not contain requested
(fontspec)                Script "CJK".


Package fontspec Info: Font family 'SongtiSCLight(0)' created for font 'Songti
(fontspec)             SC Light' with options
(fontspec)             [Script={CJK},BoldItalicFont={Kaiti SC
(fontspec)             Bold},BoldFont={Songti SC Bold},ItalicFont={Kaiti SC}].
(fontspec)              
(fontspec)              This font family consists of the following NFSS
(fontspec)             series/shapes:
(fontspec)              
(fontspec)             - 'normal' (m/n) with NFSS spec.: <->"Songti SC
(fontspec)             Light/OT:language=dflt;"
(fontspec)             - 'small caps'  (m/sc) with NFSS spec.: 
(fontspec)             - 'bold' (b/n) with NFSS spec.: <->"Songti SC
(fontspec)             Bold/OT:language=dflt;"
(fontspec)             - 'bold small caps'  (b/sc) with NFSS spec.: 
(fontspec)             - 'italic' (m/it) with NFSS spec.: <->"Kaiti
(fontspec)             SC/OT:language=dflt;"
(fontspec)             - 'italic small caps'  (m/scit) with NFSS spec.: 
(fontspec)             - 'bold italic' (b/it) with NFSS spec.: <->"Kaiti SC
(fontspec)             Bold/OT:language=dflt;"
(fontspec)             - 'bold italic small caps'  (b/scit) with NFSS spec.: 

))) (/Users/lucas/Library/TinyTeX/texmf-dist/tex/latex/ctex/config/ctex.cfg
File: ctex.cfg 2022/07/14 v2.5.10 Configuration file (CTEX)
) (/Users/lucas/Library/TinyTeX/texmf-dist/tex/latex/amsmath/amsmath.sty
Package: amsmath 2023/05/13 v2.17o AMS math features
\@mathmargin=\skip60
For additional information on amsmath, use the `?' option.
(/Users/lucas/Library/TinyTeX/texmf-dist/tex/latex/amsmath/amstext.sty
Package: amstext 2021/08/26 v2.01 AMS text
(/Users/lucas/Library/TinyTeX/texmf-dist/tex/latex/amsmath/amsgen.sty
File: amsgen.sty 1999/11/30 v2.0 generic functions
\@emptytoks=\toks17
\ex@=\dimen175
)) (/Users/lucas/Library/TinyTeX/texmf-dist/tex/latex/amsmath/amsbsy.sty
Package: amsbsy 1999/11/29 v1.2d Bold Symbols
\pmbraise@=\dimen176
) (/Users/lucas/Library/TinyTeX/texmf-dist/tex/latex/amsmath/amsopn.sty
Package: amsopn 2022/04/08 v2.04 operator names
)
\inf@bad=\count288
LaTeX Info: Redefining \frac on input line 234.
\uproot@=\count289
\leftroot@=\count290
LaTeX Info: Redefining \overline on input line 399.
LaTeX Info: Redefining \colon on input line 410.
\classnum@=\count291
\DOTSCASE@=\count292
LaTeX Info: Redefining \ldots on input line 496.
LaTeX Info: Redefining \dots on input line 499.
LaTeX Info: Redefining \cdots on input line 620.
\Mathstrutbox@=\box55
\strutbox@=\box56
LaTeX Info: Redefining \big on input line 722.
LaTeX Info: Redefining \Big on input line 723.
LaTeX Info: Redefining \bigg on input line 724.
LaTeX Info: Redefining \Bigg on input line 725.
\big@size=\dimen177
LaTeX Font Info:    Redeclaring font encoding OML on input line 743.
LaTeX Font Info:    Redeclaring font encoding OMS on input line 744.
\macc@depth=\count293
LaTeX Info: Redefining \bmod on input line 905.
LaTeX Info: Redefining \pmod on input line 910.
LaTeX Info: Redefining \smash on input line 940.
LaTeX Info: Redefining \relbar on input line 970.
LaTeX Info: Redefining \Relbar on input line 971.
\c@MaxMatrixCols=\count294
\dotsspace@=\muskip17
\c@parentequation=\count295
\dspbrk@lvl=\count296
\tag@help=\toks18
\row@=\count297
\column@=\count298
\maxfields@=\count299
\andhelp@=\toks19
\eqnshift@=\dimen178
\alignsep@=\dimen179
\tagshift@=\dimen180
\tagwidth@=\dimen181
\totwidth@=\dimen182
\lineht@=\dimen183
\@envbody=\toks20
\multlinegap=\skip61
\multlinetaggap=\skip62
\mathdisplay@stack=\toks21
LaTeX Info: Redefining \[ on input line 2953.
LaTeX Info: Redefining \] on input line 2954.
) (/Users/lucas/Library/TinyTeX/texmf-dist/tex/latex/amsfonts/amssymb.sty
Package: amssymb 2013/01/14 v3.01 AMS font symbols
(/Users/lucas/Library/TinyTeX/texmf-dist/tex/latex/amsfonts/amsfonts.sty
Package: amsfonts 2013/01/14 v3.01 Basic AMSFonts support
\symAMSa=\mathgroup4
\symAMSb=\mathgroup5
LaTeX Font Info:    Redeclaring math symbol \hbar on input line 98.
LaTeX Font Info:    Overwriting math alphabet `\mathfrak' in version `bold'
(Font)                  U/euf/m/n --> U/euf/b/n on input line 106.
)) (/Users/lucas/Library/TinyTeX/texmf-dist/tex/generic/iftex/iftex.sty
Package: iftex 2022/02/03 v1.0f TeX engine tests
) (/Users/lucas/Library/TinyTeX/texmf-dist/tex/latex/unicode-math/unicode-math.sty
Package: unicode-math 2023/08/13 v0.8r Unicode maths in XeLaTeX and LuaLaTeX
(/Users/lucas/Library/TinyTeX/texmf-dist/tex/latex/unicode-math/unicode-math-xetex.sty
Package: unicode-math-xetex 2023/08/13 v0.8r Unicode maths in XeLaTeX and LuaLaTeX
(/Users/lucas/Library/TinyTeX/texmf-dist/tex/latex/l3packages/l3keys2e/l3keys2e.sty
Package: l3keys2e 2023-02-02 LaTeX2e option processing using LaTeX3 keys
)
\g__um_fam_int=\count300
\g__um_fonts_used_int=\count301
\l__um_primecount_int=\count302
\g__um_primekern_muskip=\muskip18
(/Users/lucas/Library/TinyTeX/texmf-dist/tex/latex/unicode-math/unicode-math-table.tex))) (/Users/lucas/Library/TinyTeX/texmf-dist/tex/latex/lm/lmodern.sty
Package: lmodern 2015/05/01 v1.6.1 Latin Modern Fonts
LaTeX Font Info:    Overwriting symbol font `operators' in version `normal'
(Font)                  OT1/cmr/m/n --> OT1/lmr/m/n on input line 22.
LaTeX Font Info:    Overwriting symbol font `letters' in version `normal'
(Font)                  OML/cmm/m/it --> OML/lmm/m/it on input line 23.
LaTeX Font Info:    Overwriting symbol font `symbols' in version `normal'
(Font)                  OMS/cmsy/m/n --> OMS/lmsy/m/n on input line 24.
LaTeX Font Info:    Overwriting symbol font `largesymbols' in version `normal'
(Font)                  OMX/cmex/m/n --> OMX/lmex/m/n on input line 25.
LaTeX Font Info:    Overwriting symbol font `operators' in version `bold'
(Font)                  OT1/cmr/bx/n --> OT1/lmr/bx/n on input line 26.
LaTeX Font Info:    Overwriting symbol font `letters' in version `bold'
(Font)                  OML/cmm/b/it --> OML/lmm/b/it on input line 27.
LaTeX Font Info:    Overwriting symbol font `symbols' in version `bold'
(Font)                  OMS/cmsy/b/n --> OMS/lmsy/b/n on input line 28.
LaTeX Font Info:    Overwriting symbol font `largesymbols' in version `bold'
(Font)                  OMX/cmex/m/n --> OMX/lmex/m/n on input line 29.
LaTeX Font Info:    Overwriting math alphabet `\mathbf' in version `normal'
(Font)                  OT1/cmr/bx/n --> OT1/lmr/bx/n on input line 31.
LaTeX Font Info:    Overwriting math alphabet `\mathsf' in version `normal'
(Font)                  OT1/cmss/m/n --> OT1/lmss/m/n on input line 32.
LaTeX Font Info:    Overwriting math alphabet `\mathit' in version `normal'
(Font)                  OT1/cmr/m/it --> OT1/lmr/m/it on input line 33.
LaTeX Font Info:    Overwriting math alphabet `\mathtt' in version `normal'
(Font)                  OT1/cmtt/m/n --> OT1/lmtt/m/n on input line 34.
LaTeX Font Info:    Overwriting math alphabet `\mathbf' in version `bold'
(Font)                  OT1/cmr/bx/n --> OT1/lmr/bx/n on input line 35.
LaTeX Font Info:    Overwriting math alphabet `\mathsf' in version `bold'
(Font)                  OT1/cmss/bx/n --> OT1/lmss/bx/n on input line 36.
LaTeX Font Info:    Overwriting math alphabet `\mathit' in version `bold'
(Font)                  OT1/cmr/bx/it --> OT1/lmr/bx/it on input line 37.
LaTeX Font Info:    Overwriting math alphabet `\mathtt' in version `bold'
(Font)                  OT1/cmtt/m/n --> OT1/lmtt/m/n on input line 38.
) (/Users/lucas/Library/TinyTeX/texmf-dist/tex/latex/xcolor/xcolor.sty
Package: xcolor 2022/06/12 v2.14 LaTeX color extensions (UK)
(/Users/lucas/Library/TinyTeX/texmf-dist/tex/latex/graphics-cfg/color.cfg
File: color.cfg 2016/01/02 v1.6 sample color configuration
)
Package xcolor Info: Driver file: xetex.def on input line 227.
(/Users/lucas/Library/TinyTeX/texmf-dist/tex/latex/graphics-def/xetex.def
File: xetex.def 2022/09/22 v5.0n Graphics/color driver for xetex
) (/Users/lucas/Library/TinyTeX/texmf-dist/tex/latex/graphics/mathcolor.ltx)
Package xcolor Info: Model `cmy' substituted by `cmy0' on input line 1353.
Package xcolor Info: Model `RGB' extended on input line 1369.
Package xcolor Info: Model `HTML' substituted by `rgb' on input line 1371.
Package xcolor Info: Model `Hsb' substituted by `hsb' on input line 1372.
Package xcolor Info: Model `tHsb' substituted by `hsb' on input line 1373.
Package xcolor Info: Model `HSB' substituted by `hsb' on input line 1374.
Package xcolor Info: Model `Gray' substituted by `gray' on input line 1375.
Package xcolor Info: Model `wave' substituted by `hsb' on input line 1376.
) (/Users/lucas/Library/TinyTeX/texmf-dist/tex/latex/fancyvrb/fancyvrb.sty
Package: fancyvrb 2023/01/19 4.5a verbatim text (tvz,hv)
(/Users/lucas/Library/TinyTeX/texmf-dist/tex/latex/graphics/keyval.sty
Package: keyval 2022/05/29 v1.15 key=value parser (DPC)
\KV@toks@=\toks22
)
\FV@CodeLineNo=\count303
\FV@InFile=\read2
\FV@TabBox=\box57
\c@FancyVerbLine=\count304
\FV@StepNumber=\count305
\FV@OutFile=\write3
) (/Users/lucas/Library/TinyTeX/texmf-dist/tex/latex/framed/framed.sty
Package: framed 2011/10/22 v 0.96: framed or shaded text with page breaks
\OuterFrameSep=\skip63
\fb@frw=\dimen184
\fb@frh=\dimen185
\FrameRule=\dimen186
\FrameSep=\dimen187
) (/Users/lucas/Library/TinyTeX/texmf-dist/tex/latex/graphics/graphicx.sty
Package: graphicx 2021/09/16 v1.2d Enhanced LaTeX Graphics (DPC,SPQR)
(/Users/lucas/Library/TinyTeX/texmf-dist/tex/latex/graphics/graphics.sty
Package: graphics 2022/03/10 v1.4e Standard LaTeX Graphics (DPC,SPQR)
(/Users/lucas/Library/TinyTeX/texmf-dist/tex/latex/graphics/trig.sty
Package: trig 2021/08/11 v1.11 sin cos tan (DPC)
) (/Users/lucas/Library/TinyTeX/texmf-dist/tex/latex/graphics-cfg/graphics.cfg
File: graphics.cfg 2016/06/04 v1.11 sample graphics configuration
)
Package graphics Info: Driver file: xetex.def on input line 107.
)
\Gin@req@height=\dimen188
\Gin@req@width=\dimen189
) (/Users/lucas/Library/TinyTeX/texmf-dist/tex/latex/hyperref/hyperref.sty
Package: hyperref 2023-07-08 v7.01b Hypertext links for LaTeX
(/Users/lucas/Library/TinyTeX/texmf-dist/tex/generic/ltxcmds/ltxcmds.sty
Package: ltxcmds 2020-05-10 v1.25 LaTeX kernel commands for general use (HO)
) (/Users/lucas/Library/TinyTeX/texmf-dist/tex/generic/pdftexcmds/pdftexcmds.sty
Package: pdftexcmds 2020-06-27 v0.33 Utility functions of pdfTeX for LuaTeX (HO)
(/Users/lucas/Library/TinyTeX/texmf-dist/tex/generic/infwarerr/infwarerr.sty
Package: infwarerr 2019/12/03 v1.5 Providing info/warning/error messages (HO)
)
Package pdftexcmds Info: \pdf@primitive is available.
Package pdftexcmds Info: \pdf@ifprimitive is available.
Package pdftexcmds Info: \pdfdraftmode not found.
) (/Users/lucas/Library/TinyTeX/texmf-dist/tex/latex/kvsetkeys/kvsetkeys.sty
Package: kvsetkeys 2022-10-05 v1.19 Key value parser (HO)
) (/Users/lucas/Library/TinyTeX/texmf-dist/tex/generic/kvdefinekeys/kvdefinekeys.sty
Package: kvdefinekeys 2019-12-19 v1.6 Define keys (HO)
) (/Users/lucas/Library/TinyTeX/texmf-dist/tex/generic/pdfescape/pdfescape.sty
Package: pdfescape 2019/12/09 v1.15 Implements pdfTeX's escape features (HO)
) (/Users/lucas/Library/TinyTeX/texmf-dist/tex/latex/hycolor/hycolor.sty
Package: hycolor 2020-01-27 v1.10 Color options for hyperref/bookmark (HO)
) (/Users/lucas/Library/TinyTeX/texmf-dist/tex/latex/letltxmacro/letltxmacro.sty
Package: letltxmacro 2019/12/03 v1.6 Let assignment for LaTeX macros (HO)
) (/Users/lucas/Library/TinyTeX/texmf-dist/tex/latex/auxhook/auxhook.sty
Package: auxhook 2019-12-17 v1.6 Hooks for auxiliary files (HO)
) (/Users/lucas/Library/TinyTeX/texmf-dist/tex/latex/hyperref/nameref.sty
Package: nameref 2023-08-07 v2.53 Cross-referencing by name of section
(/Users/lucas/Library/TinyTeX/texmf-dist/tex/latex/refcount/refcount.sty
Package: refcount 2019/12/15 v3.6 Data extraction from label references (HO)
) (/Users/lucas/Library/TinyTeX/texmf-dist/tex/generic/gettitlestring/gettitlestring.sty
Package: gettitlestring 2019/12/15 v1.6 Cleanup title references (HO)
(/Users/lucas/Library/TinyTeX/texmf-dist/tex/latex/kvoptions/kvoptions.sty
Package: kvoptions 2022-06-15 v3.15 Key value format for package options (HO)
))
\c@section@level=\count306
) (/Users/lucas/Library/TinyTeX/texmf-dist/tex/latex/etoolbox/etoolbox.sty
Package: etoolbox 2020/10/05 v2.5k e-TeX tools for LaTeX (JAW)
\etb@tempcnta=\count307
)
\@linkdim=\dimen190
\Hy@linkcounter=\count308
\Hy@pagecounter=\count309
(/Users/lucas/Library/TinyTeX/texmf-dist/tex/latex/hyperref/pd1enc.def
File: pd1enc.def 2023-07-08 v7.01b Hyperref: PDFDocEncoding definition (HO)
) (/Users/lucas/Library/TinyTeX/texmf-dist/tex/generic/intcalc/intcalc.sty
Package: intcalc 2019/12/15 v1.3 Expandable calculations with integers (HO)
)
\Hy@SavedSpaceFactor=\count310
(/Users/lucas/Library/TinyTeX/texmf-dist/tex/latex/hyperref/puenc.def
File: puenc.def 2023-07-08 v7.01b Hyperref: PDF Unicode definition (HO)
)
Package hyperref Info: Option `unicode' set `true' on input line 4050.
Package hyperref Info: Option `unicode' set `true' on input line 4050.
Package hyperref Info: Hyper figures OFF on input line 4167.
Package hyperref Info: Link nesting OFF on input line 4172.
Package hyperref Info: Hyper index ON on input line 4175.
Package hyperref Info: Plain pages OFF on input line 4182.
Package hyperref Info: Backreferencing OFF on input line 4187.
Package hyperref Info: Implicit mode ON; LaTeX internals redefined.
Package hyperref Info: Bookmarks ON on input line 4434.
\c@Hy@tempcnt=\count311
(/Users/lucas/Library/TinyTeX/texmf-dist/tex/latex/url/url.sty
\Urlmuskip=\muskip19
Package: url 2013/09/16  ver 3.4  Verb mode for urls, etc.
)
LaTeX Info: Redefining \url on input line 4772.
\XeTeXLinkMargin=\dimen191
(/Users/lucas/Library/TinyTeX/texmf-dist/tex/generic/bitset/bitset.sty
Package: bitset 2019/12/09 v1.3 Handle bit-vector datatype (HO)
(/Users/lucas/Library/TinyTeX/texmf-dist/tex/generic/bigintcalc/bigintcalc.sty
Package: bigintcalc 2019/12/15 v1.5 Expandable calculations on big integers (HO)
))
\Fld@menulength=\count312
\Field@Width=\dimen192
\Fld@charsize=\dimen193
Package hyperref Info: Hyper figures OFF on input line 6051.
Package hyperref Info: Link nesting OFF on input line 6056.
Package hyperref Info: Hyper index ON on input line 6059.
Package hyperref Info: backreferencing OFF on input line 6066.
Package hyperref Info: Link coloring OFF on input line 6071.
Package hyperref Info: Link coloring with OCG OFF on input line 6076.
Package hyperref Info: PDF/A mode OFF on input line 6081.
(/Users/lucas/Library/TinyTeX/texmf-dist/tex/latex/base/atbegshi-ltx.sty
Package: atbegshi-ltx 2021/01/10 v1.0c Emulation of the original atbegshi
package with kernel methods
)
\Hy@abspage=\count313
\c@Item=\count314
\c@Hfootnote=\count315
)
Package hyperref Info: Driver (autodetected): hxetex.
(/Users/lucas/Library/TinyTeX/texmf-dist/tex/latex/hyperref/hxetex.def
File: hxetex.def 2023-07-08 v7.01b Hyperref driver for XeTeX
(/Users/lucas/Library/TinyTeX/texmf-dist/tex/generic/stringenc/stringenc.sty
Package: stringenc 2019/11/29 v1.12 Convert strings between diff. encodings (HO)
)
\pdfm@box=\box58
\c@Hy@AnnotLevel=\count316
\HyField@AnnotCount=\count317
\Fld@listcount=\count318
\c@bookmark@seq@number=\count319
(/Users/lucas/Library/TinyTeX/texmf-dist/tex/latex/rerunfilecheck/rerunfilecheck.sty
Package: rerunfilecheck 2022-07-10 v1.10 Rerun checks for auxiliary files (HO)
(/Users/lucas/Library/TinyTeX/texmf-dist/tex/latex/base/atveryend-ltx.sty
Package: atveryend-ltx 2020/08/19 v1.0a Emulation of the original atveryend package
with kernel methods
) (/Users/lucas/Library/TinyTeX/texmf-dist/tex/generic/uniquecounter/uniquecounter.sty
Package: uniquecounter 2019/12/15 v1.4 Provide unlimited unique counter (HO)
)
Package uniquecounter Info: New unique counter `rerunfilecheck' on input line 285.
)
\Hy@SectionHShift=\skip64
) (./talk03-homework.aux)
\openout1 = `talk03-homework.aux'.

LaTeX Font Info:    Checking defaults for OML/cmm/m/it on input line 111.
LaTeX Font Info:    ... okay on input line 111.
LaTeX Font Info:    Checking defaults for OMS/cmsy/m/n on input line 111.
LaTeX Font Info:    ... okay on input line 111.
LaTeX Font Info:    Checking defaults for OT1/cmr/m/n on input line 111.
LaTeX Font Info:    ... okay on input line 111.
LaTeX Font Info:    Checking defaults for T1/cmr/m/n on input line 111.
LaTeX Font Info:    ... okay on input line 111.
LaTeX Font Info:    Checking defaults for TS1/cmr/m/n on input line 111.
LaTeX Font Info:    ... okay on input line 111.
LaTeX Font Info:    Checking defaults for TU/lmr/m/n on input line 111.
LaTeX Font Info:    ... okay on input line 111.
LaTeX Font Info:    Checking defaults for OMX/cmex/m/n on input line 111.
LaTeX Font Info:    ... okay on input line 111.
LaTeX Font Info:    Checking defaults for U/cmr/m/n on input line 111.
LaTeX Font Info:    ... okay on input line 111.
LaTeX Font Info:    Checking defaults for PD1/pdf/m/n on input line 111.
LaTeX Font Info:    ... okay on input line 111.
LaTeX Font Info:    Checking defaults for PU/pdf/m/n on input line 111.
LaTeX Font Info:    ... okay on input line 111.
LaTeX Font Info:    Overwriting math alphabet `\mathrm' in version `normal'
(Font)                  OT1/lmr/m/n --> TU/lmr/m/n on input line 111.
LaTeX Font Info:    Overwriting math alphabet `\mathit' in version `normal'
(Font)                  OT1/lmr/m/it --> TU/lmr/m/it on input line 111.
LaTeX Font Info:    Overwriting math alphabet `\mathbf' in version `normal'
(Font)                  OT1/lmr/bx/n --> TU/lmr/bx/n on input line 111.
LaTeX Font Info:    Overwriting math alphabet `\mathsf' in version `normal'
(Font)                  OT1/lmss/m/n --> TU/lmss/m/n on input line 111.
LaTeX Font Info:    Overwriting math alphabet `\mathsf' in version `bold'
(Font)                  OT1/lmss/bx/n --> TU/lmss/bx/n on input line 111.
LaTeX Font Info:    Overwriting math alphabet `\mathtt' in version `normal'
(Font)                  OT1/lmtt/m/n --> TU/lmtt/m/n on input line 111.
LaTeX Font Info:    Overwriting math alphabet `\mathtt' in version `bold'
(Font)                  OT1/lmtt/m/n --> TU/lmtt/bx/n on input line 111.

Package fontspec Info: latinmodern-math scale = 0.9999966408685371.


Package fontspec Info: latinmodern-math scale = 0.9999966408685371.


Package fontspec Info: latinmodern-math scale = 0.9999966408685371.


Package fontspec Info: Font family 'latinmodern-math.otf(0)' created for font
(fontspec)             'latinmodern-math.otf' with options
(fontspec)             [Scale=MatchLowercase,BoldItalicFont={},ItalicFont={},SmallCapsFont={},Script=Math,BoldFont={latinmodern-math.otf}].
(fontspec)              
(fontspec)              This font family consists of the following NFSS
(fontspec)             series/shapes:
(fontspec)              
(fontspec)             - 'normal' (m/n) with NFSS spec.:
(fontspec)             <->s*[0.9999966408685371]"[latinmodern-math.otf]/OT:script=math;language=dflt;"
(fontspec)             - 'small caps'  (m/sc) with NFSS spec.: 
(fontspec)             - 'bold' (b/n) with NFSS spec.:
(fontspec)             <->s*[0.9999966408685371]"[latinmodern-math.otf]/OT:script=math;language=dflt;"
(fontspec)             - 'bold small caps'  (b/sc) with NFSS spec.: 

LaTeX Font Info:    Font shape `TU/latinmodern-math.otf(0)/m/n' will be
(Font)              scaled to size 10.53937pt on input line 111.

Package fontspec Info: latinmodern-math scale = 0.9999966408685371.


Package fontspec Info: latinmodern-math scale = 0.9999966408685371.


Package fontspec Info: latinmodern-math scale = 0.9999966408685371.


Package fontspec Info: latinmodern-math scale = 0.9999966408685371.


Package fontspec Info: latinmodern-math scale = 0.9999966408685371.


Package fontspec Info: Font family 'latinmodern-math.otf(1)' created for font
(fontspec)             'latinmodern-math.otf' with options
(fontspec)             [Scale=MatchLowercase,BoldItalicFont={},ItalicFont={},SmallCapsFont={},Script=Math,SizeFeatures={{Size=8.9584645-},{Size=6.323622-8.9584645,Font=latinmodern-math.otf,Style=MathScript},{Size=-6.323622,Font=latinmodern-math.otf,Style=MathScriptScript}},BoldFont={latinmodern-math.otf}].
(fontspec)              
(fontspec)              This font family consists of the following NFSS
(fontspec)             series/shapes:
(fontspec)              
(fontspec)             - 'normal' (m/n) with NFSS spec.:
(fontspec)             <8.9584645->s*[0.9999966408685371]"[latinmodern-math.otf]/OT:script=math;language=dflt;"<6.323622-8.9584645>s*[0.9999966408685371]"[latinmodern-math.otf]/OT:script=math;language=dflt;+ssty=0;"<-6.323622>s*[0.9999966408685371]"[latinmodern-math.otf]/OT:script=math;language=dflt;+ssty=1;"
(fontspec)             - 'small caps'  (m/sc) with NFSS spec.: 
(fontspec)             - 'bold' (b/n) with NFSS spec.:
(fontspec)             <->s*[0.9999966408685371]"[latinmodern-math.otf]/OT:script=math;language=dflt;"
(fontspec)             - 'bold small caps'  (b/sc) with NFSS spec.: 

LaTeX Font Info:    Font shape `TU/latinmodern-math.otf(1)/m/n' will be
(Font)              scaled to size 10.53937pt on input line 111.
LaTeX Font Info:    Encoding `OT1' has changed to `TU' for symbol font
(Font)              `operators' in the math version `normal' on input line 111.
LaTeX Font Info:    Overwriting symbol font `operators' in version `normal'
(Font)                  OT1/lmr/m/n --> TU/latinmodern-math.otf(1)/m/n on input line 111.
LaTeX Font Info:    Encoding `OT1' has changed to `TU' for symbol font
(Font)              `operators' in the math version `bold' on input line 111.
LaTeX Font Info:    Overwriting symbol font `operators' in version `bold'
(Font)                  OT1/lmr/bx/n --> TU/latinmodern-math.otf(1)/b/n on input line 111.

Package fontspec Info: latinmodern-math scale = 0.9999966408685371.


Package fontspec Info: latinmodern-math scale = 1.000096640532624.


Package fontspec Info: latinmodern-math scale = 0.9999966408685371.


Package fontspec Info: latinmodern-math scale = 1.000096640532624.


Package fontspec Info: latinmodern-math scale = 0.9999966408685371.


Package fontspec Info: latinmodern-math scale = 1.000096640532624.


Package fontspec Info: latinmodern-math scale = 0.9999966408685371.


Package fontspec Info: latinmodern-math scale = 1.000096640532624.


Package fontspec Info: latinmodern-math scale = 0.9999966408685371.


Package fontspec Info: latinmodern-math scale = 1.000096640532624.


Package fontspec Info: Font family 'latinmodern-math.otf(2)' created for font
(fontspec)             'latinmodern-math.otf' with options
(fontspec)             [Scale=MatchLowercase,BoldItalicFont={},ItalicFont={},SmallCapsFont={},Script=Math,SizeFeatures={{Size=8.9584645-},{Size=6.323622-8.9584645,Font=latinmodern-math.otf,Style=MathScript},{Size=-6.323622,Font=latinmodern-math.otf,Style=MathScriptScript}},BoldFont={latinmodern-math.otf},ScaleAgain=1.0001,FontAdjustment={\fontdimen
(fontspec)             8\font =7.13515pt\relax \fontdimen 9\font
(fontspec)             =4.15251pt\relax \fontdimen 10\font =4.67947pt\relax
(fontspec)             \fontdimen 11\font =7.23001pt\relax \fontdimen 12\font
(fontspec)             =3.63608pt\relax \fontdimen 13\font =3.82579pt\relax
(fontspec)             \fontdimen 14\font =3.82579pt\relax \fontdimen 15\font
(fontspec)             =3.04588pt\relax \fontdimen 16\font =2.60323pt\relax
(fontspec)             \fontdimen 17\font =2.60323pt\relax \fontdimen 18\font
(fontspec)             =2.63484pt\relax \fontdimen 19\font =2.10788pt\relax
(fontspec)             \fontdimen 22\font =2.63484pt\relax \fontdimen 20\font
(fontspec)             =0pt\relax \fontdimen 21\font =0pt\relax }].
(fontspec)              
(fontspec)              This font family consists of the following NFSS
(fontspec)             series/shapes:
(fontspec)              
(fontspec)             - 'normal' (m/n) with NFSS spec.:
(fontspec)             <8.9584645->s*[1.000096640532624]"[latinmodern-math.otf]/OT:script=math;language=dflt;"<6.323622-8.9584645>s*[1.000096640532624]"[latinmodern-math.otf]/OT:script=math;language=dflt;+ssty=0;"<-6.323622>s*[1.000096640532624]"[latinmodern-math.otf]/OT:script=math;language=dflt;+ssty=1;"
(fontspec)             - 'small caps'  (m/sc) with NFSS spec.: 
(fontspec)             and font adjustment code:
(fontspec)             \fontdimen 8\font =7.13515pt\relax \fontdimen 9\font
(fontspec)             =4.15251pt\relax \fontdimen 10\font =4.67947pt\relax
(fontspec)             \fontdimen 11\font =7.23001pt\relax \fontdimen 12\font
(fontspec)             =3.63608pt\relax \fontdimen 13\font =3.82579pt\relax
(fontspec)             \fontdimen 14\font =3.82579pt\relax \fontdimen 15\font
(fontspec)             =3.04588pt\relax \fontdimen 16\font =2.60323pt\relax
(fontspec)             \fontdimen 17\font =2.60323pt\relax \fontdimen 18\font
(fontspec)             =2.63484pt\relax \fontdimen 19\font =2.10788pt\relax
(fontspec)             \fontdimen 22\font =2.63484pt\relax \fontdimen 20\font
(fontspec)             =0pt\relax \fontdimen 21\font =0pt\relax 
(fontspec)             - 'bold' (b/n) with NFSS spec.:
(fontspec)             <->s*[1.000096640532624]"[latinmodern-math.otf]/OT:script=math;language=dflt;"
(fontspec)             - 'bold small caps'  (b/sc) with NFSS spec.: 
(fontspec)             and font adjustment code:
(fontspec)             \fontdimen 8\font =7.13515pt\relax \fontdimen 9\font
(fontspec)             =4.15251pt\relax \fontdimen 10\font =4.67947pt\relax
(fontspec)             \fontdimen 11\font =7.23001pt\relax \fontdimen 12\font
(fontspec)             =3.63608pt\relax \fontdimen 13\font =3.82579pt\relax
(fontspec)             \fontdimen 14\font =3.82579pt\relax \fontdimen 15\font
(fontspec)             =3.04588pt\relax \fontdimen 16\font =2.60323pt\relax
(fontspec)             \fontdimen 17\font =2.60323pt\relax \fontdimen 18\font
(fontspec)             =2.63484pt\relax \fontdimen 19\font =2.10788pt\relax
(fontspec)             \fontdimen 22\font =2.63484pt\relax \fontdimen 20\font
(fontspec)             =0pt\relax \fontdimen 21\font =0pt\relax 

LaTeX Font Info:    Encoding `OMS' has changed to `TU' for symbol font
(Font)              `symbols' in the math version `normal' on input line 111.
LaTeX Font Info:    Overwriting symbol font `symbols' in version `normal'
(Font)                  OMS/lmsy/m/n --> TU/latinmodern-math.otf(2)/m/n on input line 111.
LaTeX Font Info:    Encoding `OMS' has changed to `TU' for symbol font
(Font)              `symbols' in the math version `bold' on input line 111.
LaTeX Font Info:    Overwriting symbol font `symbols' in version `bold'
(Font)                  OMS/lmsy/b/n --> TU/latinmodern-math.otf(2)/b/n on input line 111.

Package fontspec Info: latinmodern-math scale = 0.9999966408685371.


Package fontspec Info: latinmodern-math scale = 0.9998966412044502.


Package fontspec Info: latinmodern-math scale = 0.9999966408685371.


Package fontspec Info: latinmodern-math scale = 0.9998966412044502.


Package fontspec Info: latinmodern-math scale = 0.9999966408685371.


Package fontspec Info: latinmodern-math scale = 0.9998966412044502.


Package fontspec Info: latinmodern-math scale = 0.9999966408685371.


Package fontspec Info: latinmodern-math scale = 0.9998966412044502.


Package fontspec Info: latinmodern-math scale = 0.9999966408685371.


Package fontspec Info: latinmodern-math scale = 0.9998966412044502.


Package fontspec Info: Font family 'latinmodern-math.otf(3)' created for font
(fontspec)             'latinmodern-math.otf' with options
(fontspec)             [Scale=MatchLowercase,BoldItalicFont={},ItalicFont={},SmallCapsFont={},Script=Math,SizeFeatures={{Size=8.9584645-},{Size=6.323622-8.9584645,Font=latinmodern-math.otf,Style=MathScript},{Size=-6.323622,Font=latinmodern-math.otf,Style=MathScriptScript}},BoldFont={latinmodern-math.otf},ScaleAgain=0.9999,FontAdjustment={\fontdimen
(fontspec)             8\font =0.42157pt\relax \fontdimen 9\font
(fontspec)             =2.10788pt\relax \fontdimen 10\font =1.76007pt\relax
(fontspec)             \fontdimen 11\font =1.16988pt\relax \fontdimen 12\font
(fontspec)             =6.32362pt\relax \fontdimen 13\font =0pt\relax }].
(fontspec)              
(fontspec)              This font family consists of the following NFSS
(fontspec)             series/shapes:
(fontspec)              
(fontspec)             - 'normal' (m/n) with NFSS spec.:
(fontspec)             <8.9584645->s*[0.9998966412044502]"[latinmodern-math.otf]/OT:script=math;language=dflt;"<6.323622-8.9584645>s*[0.9998966412044502]"[latinmodern-math.otf]/OT:script=math;language=dflt;+ssty=0;"<-6.323622>s*[0.9998966412044502]"[latinmodern-math.otf]/OT:script=math;language=dflt;+ssty=1;"
(fontspec)             - 'small caps'  (m/sc) with NFSS spec.: 
(fontspec)             and font adjustment code:
(fontspec)             \fontdimen 8\font =0.42157pt\relax \fontdimen 9\font
(fontspec)             =2.10788pt\relax \fontdimen 10\font =1.76007pt\relax
(fontspec)             \fontdimen 11\font =1.16988pt\relax \fontdimen 12\font
(fontspec)             =6.32362pt\relax \fontdimen 13\font =0pt\relax 
(fontspec)             - 'bold' (b/n) with NFSS spec.:
(fontspec)             <->s*[0.9998966412044502]"[latinmodern-math.otf]/OT:script=math;language=dflt;"
(fontspec)             - 'bold small caps'  (b/sc) with NFSS spec.: 
(fontspec)             and font adjustment code:
(fontspec)             \fontdimen 8\font =0.42157pt\relax \fontdimen 9\font
(fontspec)             =2.10788pt\relax \fontdimen 10\font =1.76007pt\relax
(fontspec)             \fontdimen 11\font =1.16988pt\relax \fontdimen 12\font
(fontspec)             =6.32362pt\relax \fontdimen 13\font =0pt\relax 

LaTeX Font Info:    Encoding `OMX' has changed to `TU' for symbol font
(Font)              `largesymbols' in the math version `normal' on input line 111.
LaTeX Font Info:    Overwriting symbol font `largesymbols' in version `normal'
(Font)                  OMX/lmex/m/n --> TU/latinmodern-math.otf(3)/m/n on input line 111.
LaTeX Font Info:    Encoding `OMX' has changed to `TU' for symbol font
(Font)              `largesymbols' in the math version `bold' on input line 111.
LaTeX Font Info:    Overwriting symbol font `largesymbols' in version `bold'
(Font)                  OMX/lmex/m/n --> TU/latinmodern-math.otf(3)/b/n on input line 111.
Package hyperref Info: Link coloring OFF on input line 111.
(./talk03-homework.out) (./talk03-homework.out)
\@outlinefile=\write4
\openout4 = `talk03-homework.out'.

LaTeX Font Info:    Font shape `TU/latinmodern-math.otf(1)/m/n' will be
(Font)              scaled to size 12.045pt on input line 113.
LaTeX Font Info:    Font shape `TU/latinmodern-math.otf(1)/m/n' will be
(Font)              scaled to size 8.0pt on input line 113.
LaTeX Font Info:    Font shape `TU/latinmodern-math.otf(1)/m/n' will be
(Font)              scaled to size 6.0pt on input line 113.
LaTeX Font Info:    Trying to load font information for OML+lmm on input line 113.
(/Users/lucas/Library/TinyTeX/texmf-dist/tex/latex/lm/omllmm.fd
File: omllmm.fd 2015/05/01 v1.6.1 Font defs for Latin Modern
)
LaTeX Font Info:    Font shape `TU/latinmodern-math.otf(2)/m/n' will be
(Font)              scaled to size 12.0461pt on input line 113.
LaTeX Font Info:    Font shape `TU/latinmodern-math.otf(2)/m/n' will be
(Font)              scaled to size 8.00073pt on input line 113.
LaTeX Font Info:    Font shape `TU/latinmodern-math.otf(2)/m/n' will be
(Font)              scaled to size 6.00055pt on input line 113.
LaTeX Font Info:    Font shape `TU/latinmodern-math.otf(3)/m/n' will be
(Font)              scaled to size 12.0437pt on input line 113.
LaTeX Font Info:    Font shape `TU/latinmodern-math.otf(3)/m/n' will be
(Font)              scaled to size 7.99915pt on input line 113.
LaTeX Font Info:    Font shape `TU/latinmodern-math.otf(3)/m/n' will be
(Font)              scaled to size 5.99936pt on input line 113.
LaTeX Font Info:    Trying to load font information for U+msa on input line 113.
(/Users/lucas/Library/TinyTeX/texmf-dist/tex/latex/amsfonts/umsa.fd
File: umsa.fd 2013/01/14 v3.01 AMS symbols A
)
LaTeX Font Info:    Trying to load font information for U+msb on input line 113.
(/Users/lucas/Library/TinyTeX/texmf-dist/tex/latex/amsfonts/umsb.fd
File: umsb.fd 2013/01/14 v3.01 AMS symbols B
) (./talk03-homework.toc
LaTeX Font Info:    Font shape `TU/latinmodern-math.otf(1)/m/n' will be
(Font)              scaled to size 7.37756pt on input line 1.
LaTeX Font Info:    Font shape `TU/latinmodern-math.otf(1)/m/n' will be
(Font)              scaled to size 5.26968pt on input line 1.
LaTeX Font Info:    Font shape `TU/latinmodern-math.otf(2)/m/n' will be
(Font)              scaled to size 10.54033pt on input line 1.
LaTeX Font Info:    Font shape `TU/latinmodern-math.otf(2)/m/n' will be
(Font)              scaled to size 7.37823pt on input line 1.
LaTeX Font Info:    Font shape `TU/latinmodern-math.otf(2)/m/n' will be
(Font)              scaled to size 5.27016pt on input line 1.
LaTeX Font Info:    Font shape `TU/latinmodern-math.otf(3)/m/n' will be
(Font)              scaled to size 10.53824pt on input line 1.
LaTeX Font Info:    Font shape `TU/latinmodern-math.otf(3)/m/n' will be
(Font)              scaled to size 7.37677pt on input line 1.
LaTeX Font Info:    Font shape `TU/latinmodern-math.otf(3)/m/n' will be
(Font)              scaled to size 5.26912pt on input line 1.

Package fontspec Warning: Font "STFangsong" does not contain requested Script
(fontspec)                "CJK".


Package fontspec Info: STFangsong scale = 0.9707181870057879.


Package fontspec Info: Could not resolve font "STFangsong/BI" (it probably
(fontspec)             doesn't exist).


Package fontspec Info: Could not resolve font "STFangsong/B" (it probably
(fontspec)             doesn't exist).


Package fontspec Info: Could not resolve font "STFangsong/I" (it probably
(fontspec)             doesn't exist).


Package fontspec Info: STFangsong scale = 0.9707181870057879.


Package fontspec Info: Font family 'STFangsong(0)' created for font
(fontspec)             'STFangsong' with options
(fontspec)             [Scale=MatchLowercase,Script={CJK}].
(fontspec)              
(fontspec)              This font family consists of the following NFSS
(fontspec)             series/shapes:
(fontspec)              
(fontspec)             - 'normal' (m/n) with NFSS spec.:
(fontspec)             <->s*[0.9707181870057879]"STFangsong/OT:language=dflt;"
(fontspec)             - 'small caps'  (m/sc) with NFSS spec.: 

)
\tf@toc=\write5
\openout5 = `talk03-homework.toc'.

LaTeX Font Info:    Font shape `TU/lmtt/bx/n' in size <10.53937> not available
(Font)              Font shape `TU/lmtt/b/n' tried instead on input line 125.

LaTeX Font Warning: Font shape `TU/STFangsong(0)/b/n' undefined
(Font)              using `TU/STFangsong(0)/m/n' instead on input line 125.

LaTeX Font Info:    Font shape `TU/STFangsong(0)/m/n' will be
(Font)              scaled to size 10.23074pt on input line 125.
[1

]
LaTeX Font Info:    Font shape `TU/lmtt/bx/n' in size <12.045> not available
(Font)              Font shape `TU/lmtt/b/n' tried instead on input line 209.
File: images/table1.png Graphic file (type bmp)
<images/table1.png>
LaTeX Font Info:    Font shape `TU/SongtiSCLight(0)/m/sl' in size <10.53937> not available
(Font)              Font shape `TU/SongtiSCLight(0)/m/it' tried instead on input line 222.
[2]

LaTeX Font Warning: Font shape `TU/STFangsong(0)/m/it' undefined
(Font)              using `TU/STFangsong(0)/m/n' instead on input line 224.

[3]
File: images/table2.png Graphic file (type bmp)
<images/table2.png>
[4]

LaTeX Font Warning: Font shape `TU/lmtt/bx/it' in size <10.53937> not available
(Font)              Font shape `TU/lmtt/b/sl' tried instead on input line 337.


LaTeX Font Warning: Font shape `TU/STFangsong(0)/b/it' undefined
(Font)              using `TU/STFangsong(0)/b/n' instead on input line 337.

LaTeX Font Info:    Font shape `TU/STFangsong(0)/b/n' will be
(Font)              scaled to size 10.23074pt on input line 337.
[5]
Overfull \hbox (81.05399pt too wide) in paragraph at lines 362--362
[]\TU/lmtt/m/n/10.53937 ##  [1]  -86.7509 -127.2500 -111.6250  -92.2992 -119.7730 -105.5130  -72.3573[] 
 []


Overfull \hbox (81.05402pt too wide) in paragraph at lines 362--362
[]\TU/lmtt/m/n/10.53937 ##  [8]  -74.9841  -81.6850  -83.3736 -126.2500 -113.9300  -89.3776  -86.0808[] 
 []


Overfull \hbox (81.05405pt too wide) in paragraph at lines 362--362
[]\TU/lmtt/m/n/10.53937 ## [15]  -93.3714  -98.1156  -84.7674  -92.2724  -68.9801  -76.6459  -71.5800[] 
 []


Overfull \hbox (81.05402pt too wide) in paragraph at lines 362--362
[]\TU/lmtt/m/n/10.53937 ## [22]  -84.6870  -94.6043  -89.8065  -92.5137 -109.3200  -99.5898 -116.8510[] 
 []


Overfull \hbox (81.05402pt too wide) in paragraph at lines 362--362
[]\TU/lmtt/m/n/10.53937 ## [29]  -71.3924  -74.2336 -105.9420  -75.1449  -78.4686 -100.0990  -82.5963[] 
 []


Overfull \hbox (81.05403pt too wide) in paragraph at lines 362--362
[]\TU/lmtt/m/n/10.53937 ## [36]  -97.1239 -120.0680  -77.4500  -71.1244  -80.5056  -99.7238  -86.4560[] 
 []


Overfull \hbox (81.05402pt too wide) in paragraph at lines 362--362
[]\TU/lmtt/m/n/10.53937 ## [43]  -98.7857 -111.3300  -72.5450  -78.2005 -119.7460  -80.6665  -89.9941[] 
 []


Overfull \hbox (92.12033pt too wide) in paragraph at lines 362--362
[]\TU/lmtt/m/n/10.53937 ##  [1] 32.5901 49.2500 34.2192 34.7336 36.5341 38.6777 41.5928 38.6777 27.8744[] 
 []


Overfull \hbox (92.12033pt too wide) in paragraph at lines 362--362
[]\TU/lmtt/m/n/10.53937 ## [10] 32.3329 31.7500 43.5648 40.0495 40.0495 41.9358 38.4204 37.3915 30.6181[] 
 []


Overfull \hbox (92.12033pt too wide) in paragraph at lines 362--362
[]\TU/lmtt/m/n/10.53937 ## [19] 45.6226 39.2778 42.3645 43.1361 46.3943 32.6758 38.3347 46.8230 41.3356[] 
 []


Overfull \hbox (92.12033pt too wide) in paragraph at lines 362--362
[]\TU/lmtt/m/n/10.53937 ## [28] 39.1063 43.3934 39.9637 34.4764 43.1361 35.4195 47.2517 40.2210 35.5053[] 
 []


Overfull \hbox (92.12033pt too wide) in paragraph at lines 362--362
[]\TU/lmtt/m/n/10.53937 ## [37] 43.9078 40.9069 41.5928 33.6190 44.3365 35.6767 31.3897 39.1063 44.2508[] 
 []

[6] [7] [8] [9] [10] [11]
Overfull \hbox (97.6536pt too wide) in paragraph at lines 604--604
[]\TU/lmtt/m/n/10.53937 ##   Courtelary     Delemont Franches-Mnt       Sarine      Veveyse        Aigle[] 
 []


Overfull \hbox (97.65361pt too wide) in paragraph at lines 604--604
[]\TU/lmtt/m/n/10.53937 ##     16.40000     12.40000     10.06667     17.80000     14.83333     16.50000[] 
 []

[12] [13] [14] [15] [16] [17] [18] [19] [20] [21] [22]
Overfull \hbox (183.51834pt too wide) in paragraph at lines 1127--1127
 []\TU/lmtt/m/n/10.53937 Error: Tibble columns must have consistent lengths, only values of length one are recycled:[] 
 []

[23] [24] [25] [26] [27] [28] [29] [30] [31] [32] [33] [34]
Overfull \hbox (92.12039pt too wide) in paragraph at lines 1787--1787
[]\TU/lmtt/m/n/10.53937 ##                 X Population Income Illiteracy Life.Exp Murder HS.Grad Frost[] 
 []


Overfull \hbox (92.12048pt too wide) in paragraph at lines 1787--1787
[]\TU/lmtt/m/n/10.53937 ## 1         Alabama       3615   3624        2.1    69.05   15.1    41.3    20[] 
 []


Overfull \hbox (92.12048pt too wide) in paragraph at lines 1787--1787
[]\TU/lmtt/m/n/10.53937 ## 2          Alaska        365   6315        1.5    69.31   11.3    66.7   152[] 
 []


Overfull \hbox (92.12048pt too wide) in paragraph at lines 1787--1787
[]\TU/lmtt/m/n/10.53937 ## 3         Arizona       2212   4530        1.8    70.55    7.8    58.1    15[] 
 []


Overfull \hbox (92.12048pt too wide) in paragraph at lines 1787--1787
[]\TU/lmtt/m/n/10.53937 ## 4        Arkansas       2110   3378        1.9    70.66   10.1    39.9    65[] 
 []


Overfull \hbox (92.12047pt too wide) in paragraph at lines 1787--1787
[]\TU/lmtt/m/n/10.53937 ## 5      California      21198   5114        1.1    71.71   10.3    62.6    20[] 
 []


Overfull \hbox (92.12048pt too wide) in paragraph at lines 1787--1787
[]\TU/lmtt/m/n/10.53937 ## 6        Colorado       2541   4884        0.7    72.06    6.8    63.9   166[] 
 []


Overfull \hbox (92.12047pt too wide) in paragraph at lines 1787--1787
[]\TU/lmtt/m/n/10.53937 ## 7     Connecticut       3100   5348        1.1    72.48    3.1    56.0   139[] 
 []


Overfull \hbox (92.12048pt too wide) in paragraph at lines 1787--1787
[]\TU/lmtt/m/n/10.53937 ## 8        Delaware        579   4809        0.9    70.06    6.2    54.6   103[] 
 []


Overfull \hbox (92.12048pt too wide) in paragraph at lines 1787--1787
[]\TU/lmtt/m/n/10.53937 ## 9         Florida       8277   4815        1.3    70.66   10.7    52.6    11[] 
 []


Overfull \hbox (92.12047pt too wide) in paragraph at lines 1787--1787
[]\TU/lmtt/m/n/10.53937 ## 10        Georgia       4931   4091        2.0    68.54   13.9    40.6    60[] 
 []


Overfull \hbox (92.12048pt too wide) in paragraph at lines 1787--1787
[]\TU/lmtt/m/n/10.53937 ## 11         Hawaii        868   4963        1.9    73.60    6.2    61.9     0[] 
 []

[35]
Overfull \hbox (92.12048pt too wide) in paragraph at lines 1787--1787
[]\TU/lmtt/m/n/10.53937 ## 12          Idaho        813   4119        0.6    71.87    5.3    59.5   126[] 
 []


Overfull \hbox (92.12047pt too wide) in paragraph at lines 1787--1787
[]\TU/lmtt/m/n/10.53937 ## 13       Illinois      11197   5107        0.9    70.14   10.3    52.6   127[] 
 []


Overfull \hbox (92.12047pt too wide) in paragraph at lines 1787--1787
[]\TU/lmtt/m/n/10.53937 ## 14        Indiana       5313   4458        0.7    70.88    7.1    52.9   122[] 
 []


Overfull \hbox (92.12048pt too wide) in paragraph at lines 1787--1787
[]\TU/lmtt/m/n/10.53937 ## 15           Iowa       2861   4628        0.5    72.56    2.3    59.0   140[] 
 []


Overfull \hbox (92.12047pt too wide) in paragraph at lines 1787--1787
[]\TU/lmtt/m/n/10.53937 ## 16         Kansas       2280   4669        0.6    72.58    4.5    59.9   114[] 
 []


Overfull \hbox (92.12047pt too wide) in paragraph at lines 1787--1787
[]\TU/lmtt/m/n/10.53937 ## 17       Kentucky       3387   3712        1.6    70.10   10.6    38.5    95[] 
 []


Overfull \hbox (92.12045pt too wide) in paragraph at lines 1787--1787
[]\TU/lmtt/m/n/10.53937 ## 18      Louisiana       3806   3545        2.8    68.76   13.2    42.2    12[] 
 []


Overfull \hbox (92.12048pt too wide) in paragraph at lines 1787--1787
[]\TU/lmtt/m/n/10.53937 ## 19          Maine       1058   3694        0.7    70.39    2.7    54.7   161[] 
 []


Overfull \hbox (92.12047pt too wide) in paragraph at lines 1787--1787
[]\TU/lmtt/m/n/10.53937 ## 20       Maryland       4122   5299        0.9    70.22    8.5    52.3   101[] 
 []


Overfull \hbox (92.12045pt too wide) in paragraph at lines 1787--1787
[]\TU/lmtt/m/n/10.53937 ## 21  Massachusetts       5814   4755        1.1    71.83    3.3    58.5   103[] 
 []


Overfull \hbox (92.12047pt too wide) in paragraph at lines 1787--1787
[]\TU/lmtt/m/n/10.53937 ## 22       Michigan       9111   4751        0.9    70.63   11.1    52.8   125[] 
 []


Overfull \hbox (92.12045pt too wide) in paragraph at lines 1787--1787
[]\TU/lmtt/m/n/10.53937 ## 23      Minnesota       3921   4675        0.6    72.96    2.3    57.6   160[] 
 []


Overfull \hbox (92.12045pt too wide) in paragraph at lines 1787--1787
[]\TU/lmtt/m/n/10.53937 ## 24    Mississippi       2341   3098        2.4    68.09   12.5    41.0    50[] 
 []


Overfull \hbox (92.12047pt too wide) in paragraph at lines 1787--1787
[]\TU/lmtt/m/n/10.53937 ## 25       Missouri       4767   4254        0.8    70.69    9.3    48.8   108[] 
 []


Overfull \hbox (92.12047pt too wide) in paragraph at lines 1787--1787
[]\TU/lmtt/m/n/10.53937 ## 26        Montana        746   4347        0.6    70.56    5.0    59.2   155[] 
 []


Overfull \hbox (92.12047pt too wide) in paragraph at lines 1787--1787
[]\TU/lmtt/m/n/10.53937 ## 27       Nebraska       1544   4508        0.6    72.60    2.9    59.3   139[] 
 []


Overfull \hbox (92.12047pt too wide) in paragraph at lines 1787--1787
[]\TU/lmtt/m/n/10.53937 ## 28         Nevada        590   5149        0.5    69.03   11.5    65.2   188[] 
 []


Overfull \hbox (92.12044pt too wide) in paragraph at lines 1787--1787
[]\TU/lmtt/m/n/10.53937 ## 29  New Hampshire        812   4281        0.7    71.23    3.3    57.6   174[] 
 []


Overfull \hbox (92.12045pt too wide) in paragraph at lines 1787--1787
[]\TU/lmtt/m/n/10.53937 ## 30     New Jersey       7333   5237        1.1    70.93    5.2    52.5   115[] 
 []


Overfull \hbox (92.12045pt too wide) in paragraph at lines 1787--1787
[]\TU/lmtt/m/n/10.53937 ## 31     New Mexico       1144   3601        2.2    70.32    9.7    55.2   120[] 
 []


Overfull \hbox (92.12047pt too wide) in paragraph at lines 1787--1787
[]\TU/lmtt/m/n/10.53937 ## 32       New York      18076   4903        1.4    70.55   10.9    52.7    82[] 
 []


Overfull \hbox (92.12045pt too wide) in paragraph at lines 1787--1787
[]\TU/lmtt/m/n/10.53937 ## 33 North Carolina       5441   3875        1.8    69.21   11.1    38.5    80[] 
 []


Overfull \hbox (92.12045pt too wide) in paragraph at lines 1787--1787
[]\TU/lmtt/m/n/10.53937 ## 34   North Dakota        637   5087        0.8    72.78    1.4    50.3   186[] 
 []


Overfull \hbox (92.12048pt too wide) in paragraph at lines 1787--1787
[]\TU/lmtt/m/n/10.53937 ## 35           Ohio      10735   4561        0.8    70.82    7.4    53.2   124[] 
 []


Overfull \hbox (92.12047pt too wide) in paragraph at lines 1787--1787
[]\TU/lmtt/m/n/10.53937 ## 36       Oklahoma       2715   3983        1.1    71.42    6.4    51.6    82[] 
 []


Overfull \hbox (92.12047pt too wide) in paragraph at lines 1787--1787
[]\TU/lmtt/m/n/10.53937 ## 37         Oregon       2284   4660        0.6    72.13    4.2    60.0    44[] 
 []


Overfull \hbox (92.12045pt too wide) in paragraph at lines 1787--1787
[]\TU/lmtt/m/n/10.53937 ## 38   Pennsylvania      11860   4449        1.0    70.43    6.1    50.2   126[] 
 []


Overfull \hbox (92.12045pt too wide) in paragraph at lines 1787--1787
[]\TU/lmtt/m/n/10.53937 ## 39   Rhode Island        931   4558        1.3    71.90    2.4    46.4   127[] 
 []


Overfull \hbox (92.12045pt too wide) in paragraph at lines 1787--1787
[]\TU/lmtt/m/n/10.53937 ## 40 South Carolina       2816   3635        2.3    67.96   11.6    37.8    65[] 
 []


Overfull \hbox (92.12045pt too wide) in paragraph at lines 1787--1787
[]\TU/lmtt/m/n/10.53937 ## 41   South Dakota        681   4167        0.5    72.08    1.7    53.3   172[] 
 []


Overfull \hbox (92.12045pt too wide) in paragraph at lines 1787--1787
[]\TU/lmtt/m/n/10.53937 ## 42      Tennessee       4173   3821        1.7    70.11   11.0    41.8    70[] 
 []


Overfull \hbox (92.12048pt too wide) in paragraph at lines 1787--1787
[]\TU/lmtt/m/n/10.53937 ## 43          Texas      12237   4188        2.2    70.90   12.2    47.4    35[] 
 []


Overfull \hbox (92.12048pt too wide) in paragraph at lines 1787--1787
[]\TU/lmtt/m/n/10.53937 ## 44           Utah       1203   4022        0.6    72.90    4.5    67.3   137[] 
 []

[36]
Overfull \hbox (92.12047pt too wide) in paragraph at lines 1787--1787
[]\TU/lmtt/m/n/10.53937 ## 45        Vermont        472   3907        0.6    71.64    5.5    57.1   168[] 
 []


Overfull \hbox (92.12047pt too wide) in paragraph at lines 1787--1787
[]\TU/lmtt/m/n/10.53937 ## 46       Virginia       4981   4701        1.4    70.08    9.5    47.8    85[] 
 []


Overfull \hbox (92.12045pt too wide) in paragraph at lines 1787--1787
[]\TU/lmtt/m/n/10.53937 ## 47     Washington       3559   4864        0.6    71.72    4.3    63.5    32[] 
 []


Overfull \hbox (92.12045pt too wide) in paragraph at lines 1787--1787
[]\TU/lmtt/m/n/10.53937 ## 48  West Virginia       1799   3617        1.4    69.48    6.7    41.6   100[] 
 []


Overfull \hbox (92.12045pt too wide) in paragraph at lines 1787--1787
[]\TU/lmtt/m/n/10.53937 ## 49      Wisconsin       4589   4468        0.7    72.48    3.0    54.5   149[] 
 []


Overfull \hbox (92.12047pt too wide) in paragraph at lines 1787--1787
[]\TU/lmtt/m/n/10.53937 ## 50        Wyoming        376   4566        0.6    70.29    6.9    62.9   173[] 
 []

[37]
Overfull \hbox (92.12039pt too wide) in paragraph at lines 1899--1899
[]\TU/lmtt/m/n/10.53937 ##                 X Population Income Illiteracy Life.Exp Murder HS.Grad Frost[] 
 []


Overfull \hbox (92.12044pt too wide) in paragraph at lines 1899--1899
[]\TU/lmtt/m/n/10.53937 ## 1         Alabama       3615   3624        2,1    69,05   15,1    41,3    20[] 
 []


Overfull \hbox (92.12044pt too wide) in paragraph at lines 1899--1899
[]\TU/lmtt/m/n/10.53937 ## 2          Alaska        365   6315        1,5    69,31   11,3    66,7   152[] 
 []


Overfull \hbox (92.12045pt too wide) in paragraph at lines 1899--1899
[]\TU/lmtt/m/n/10.53937 ## 3         Arizona       2212   4530        1,8    70,55    7,8    58,1    15[] 
 []


Overfull \hbox (92.12044pt too wide) in paragraph at lines 1899--1899
[]\TU/lmtt/m/n/10.53937 ## 4        Arkansas       2110   3378        1,9    70,66   10,1    39,9    65[] 
 []


Overfull \hbox (92.12042pt too wide) in paragraph at lines 1899--1899
[]\TU/lmtt/m/n/10.53937 ## 5      California      21198   5114        1,1    71,71   10,3    62,6    20[] 
 []

[38]
Overfull \hbox (92.12045pt too wide) in paragraph at lines 1899--1899
[]\TU/lmtt/m/n/10.53937 ## 6        Colorado       2541   4884        0,7    72,06    6,8    63,9   166[] 
 []


Overfull \hbox (92.12045pt too wide) in paragraph at lines 1899--1899
[]\TU/lmtt/m/n/10.53937 ## 7     Connecticut       3100   5348        1,1    72,48    3,1      56   139[] 
 []


Overfull \hbox (92.12045pt too wide) in paragraph at lines 1899--1899
[]\TU/lmtt/m/n/10.53937 ## 8        Delaware        579   4809        0,9    70,06    6,2    54,6   103[] 
 []


Overfull \hbox (92.12044pt too wide) in paragraph at lines 1899--1899
[]\TU/lmtt/m/n/10.53937 ## 9         Florida       8277   4815        1,3    70,66   10,7    52,6    11[] 
 []


Overfull \hbox (92.12044pt too wide) in paragraph at lines 1899--1899
[]\TU/lmtt/m/n/10.53937 ## 10        Georgia       4931   4091          2    68,54   13,9    40,6    60[] 
 []


Overfull \hbox (92.12045pt too wide) in paragraph at lines 1899--1899
[]\TU/lmtt/m/n/10.53937 ## 11         Hawaii        868   4963        1,9     73,6    6,2    61,9     0[] 
 []


Overfull \hbox (92.12045pt too wide) in paragraph at lines 1899--1899
[]\TU/lmtt/m/n/10.53937 ## 12          Idaho        813   4119        0,6    71,87    5,3    59,5   126[] 
 []


Overfull \hbox (92.12042pt too wide) in paragraph at lines 1899--1899
[]\TU/lmtt/m/n/10.53937 ## 13       Illinois      11197   5107        0,9    70,14   10,3    52,6   127[] 
 []


Overfull \hbox (92.12044pt too wide) in paragraph at lines 1899--1899
[]\TU/lmtt/m/n/10.53937 ## 14        Indiana       5313   4458        0,7    70,88    7,1    52,9   122[] 
 []


Overfull \hbox (92.12047pt too wide) in paragraph at lines 1899--1899
[]\TU/lmtt/m/n/10.53937 ## 15           Iowa       2861   4628        0,5    72,56    2,3      59   140[] 
 []


Overfull \hbox (92.12044pt too wide) in paragraph at lines 1899--1899
[]\TU/lmtt/m/n/10.53937 ## 16         Kansas       2280   4669        0,6    72,58    4,5    59,9   114[] 
 []


Overfull \hbox (92.12042pt too wide) in paragraph at lines 1899--1899
[]\TU/lmtt/m/n/10.53937 ## 17       Kentucky       3387   3712        1,6     70,1   10,6    38,5    95[] 
 []


Overfull \hbox (92.1204pt too wide) in paragraph at lines 1899--1899
[]\TU/lmtt/m/n/10.53937 ## 18      Louisiana       3806   3545        2,8    68,76   13,2    42,2    12[] 
 []


Overfull \hbox (92.12045pt too wide) in paragraph at lines 1899--1899
[]\TU/lmtt/m/n/10.53937 ## 19          Maine       1058   3694        0,7    70,39    2,7    54,7   161[] 
 []


Overfull \hbox (92.12044pt too wide) in paragraph at lines 1899--1899
[]\TU/lmtt/m/n/10.53937 ## 20       Maryland       4122   5299        0,9    70,22    8,5    52,3   101[] 
 []


Overfull \hbox (92.12042pt too wide) in paragraph at lines 1899--1899
[]\TU/lmtt/m/n/10.53937 ## 21  Massachusetts       5814   4755        1,1    71,83    3,3    58,5   103[] 
 []


Overfull \hbox (92.12042pt too wide) in paragraph at lines 1899--1899
[]\TU/lmtt/m/n/10.53937 ## 22       Michigan       9111   4751        0,9    70,63   11,1    52,8   125[] 
 []


Overfull \hbox (92.12042pt too wide) in paragraph at lines 1899--1899
[]\TU/lmtt/m/n/10.53937 ## 23      Minnesota       3921   4675        0,6    72,96    2,3    57,6   160[] 
 []


Overfull \hbox (92.12042pt too wide) in paragraph at lines 1899--1899
[]\TU/lmtt/m/n/10.53937 ## 24    Mississippi       2341   3098        2,4    68,09   12,5      41    50[] 
 []


Overfull \hbox (92.12044pt too wide) in paragraph at lines 1899--1899
[]\TU/lmtt/m/n/10.53937 ## 25       Missouri       4767   4254        0,8    70,69    9,3    48,8   108[] 
 []


Overfull \hbox (92.12045pt too wide) in paragraph at lines 1899--1899
[]\TU/lmtt/m/n/10.53937 ## 26        Montana        746   4347        0,6    70,56      5    59,2   155[] 
 []


Overfull \hbox (92.12044pt too wide) in paragraph at lines 1899--1899
[]\TU/lmtt/m/n/10.53937 ## 27       Nebraska       1544   4508        0,6     72,6    2,9    59,3   139[] 
 []


Overfull \hbox (92.12042pt too wide) in paragraph at lines 1899--1899
[]\TU/lmtt/m/n/10.53937 ## 28         Nevada        590   5149        0,5    69,03   11,5    65,2   188[] 
 []


Overfull \hbox (92.1204pt too wide) in paragraph at lines 1899--1899
[]\TU/lmtt/m/n/10.53937 ## 29  New Hampshire        812   4281        0,7    71,23    3,3    57,6   174[] 
 []


Overfull \hbox (92.12042pt too wide) in paragraph at lines 1899--1899
[]\TU/lmtt/m/n/10.53937 ## 30     New Jersey       7333   5237        1,1    70,93    5,2    52,5   115[] 
 []


Overfull \hbox (92.12042pt too wide) in paragraph at lines 1899--1899
[]\TU/lmtt/m/n/10.53937 ## 31     New Mexico       1144   3601        2,2    70,32    9,7    55,2   120[] 
 []


Overfull \hbox (92.12042pt too wide) in paragraph at lines 1899--1899
[]\TU/lmtt/m/n/10.53937 ## 32       New York      18076   4903        1,4    70,55   10,9    52,7    82[] 
 []


Overfull \hbox (92.1204pt too wide) in paragraph at lines 1899--1899
[]\TU/lmtt/m/n/10.53937 ## 33 North Carolina       5441   3875        1,8    69,21   11,1    38,5    80[] 
 []


Overfull \hbox (92.12042pt too wide) in paragraph at lines 1899--1899
[]\TU/lmtt/m/n/10.53937 ## 34   North Dakota        637   5087        0,8    72,78    1,4    50,3   186[] 
 []


Overfull \hbox (92.12045pt too wide) in paragraph at lines 1899--1899
[]\TU/lmtt/m/n/10.53937 ## 35           Ohio      10735   4561        0,8    70,82    7,4    53,2   124[] 
 []


Overfull \hbox (92.12044pt too wide) in paragraph at lines 1899--1899
[]\TU/lmtt/m/n/10.53937 ## 36       Oklahoma       2715   3983        1,1    71,42    6,4    51,6    82[] 
 []


Overfull \hbox (92.12045pt too wide) in paragraph at lines 1899--1899
[]\TU/lmtt/m/n/10.53937 ## 37         Oregon       2284   4660        0,6    72,13    4,2      60    44[] 
 []


Overfull \hbox (92.12044pt too wide) in paragraph at lines 1899--1899
[]\TU/lmtt/m/n/10.53937 ## 38   Pennsylvania      11860   4449          1    70,43    6,1    50,2   126[] 
 []

[39]
Overfull \hbox (92.12042pt too wide) in paragraph at lines 1899--1899
[]\TU/lmtt/m/n/10.53937 ## 39   Rhode Island        931   4558        1,3     71,9    2,4    46,4   127[] 
 []


Overfull \hbox (92.1204pt too wide) in paragraph at lines 1899--1899
[]\TU/lmtt/m/n/10.53937 ## 40 South Carolina       2816   3635        2,3    67,96   11,6    37,8    65[] 
 []


Overfull \hbox (92.12042pt too wide) in paragraph at lines 1899--1899
[]\TU/lmtt/m/n/10.53937 ## 41   South Dakota        681   4167        0,5    72,08    1,7    53,3   172[] 
 []


Overfull \hbox (92.12042pt too wide) in paragraph at lines 1899--1899
[]\TU/lmtt/m/n/10.53937 ## 42      Tennessee       4173   3821        1,7    70,11     11    41,8    70[] 
 []


Overfull \hbox (92.12044pt too wide) in paragraph at lines 1899--1899
[]\TU/lmtt/m/n/10.53937 ## 43          Texas      12237   4188        2,2     70,9   12,2    47,4    35[] 
 []


Overfull \hbox (92.12045pt too wide) in paragraph at lines 1899--1899
[]\TU/lmtt/m/n/10.53937 ## 44           Utah       1203   4022        0,6     72,9    4,5    67,3   137[] 
 []


Overfull \hbox (92.12044pt too wide) in paragraph at lines 1899--1899
[]\TU/lmtt/m/n/10.53937 ## 45        Vermont        472   3907        0,6    71,64    5,5    57,1   168[] 
 []


Overfull \hbox (92.12044pt too wide) in paragraph at lines 1899--1899
[]\TU/lmtt/m/n/10.53937 ## 46       Virginia       4981   4701        1,4    70,08    9,5    47,8    85[] 
 []


Overfull \hbox (92.12042pt too wide) in paragraph at lines 1899--1899
[]\TU/lmtt/m/n/10.53937 ## 47     Washington       3559   4864        0,6    71,72    4,3    63,5    32[] 
 []


Overfull \hbox (92.12042pt too wide) in paragraph at lines 1899--1899
[]\TU/lmtt/m/n/10.53937 ## 48  West Virginia       1799   3617        1,4    69,48    6,7    41,6   100[] 
 []


Overfull \hbox (92.12044pt too wide) in paragraph at lines 1899--1899
[]\TU/lmtt/m/n/10.53937 ## 49      Wisconsin       4589   4468        0,7    72,48      3    54,5   149[] 
 []


Overfull \hbox (92.12044pt too wide) in paragraph at lines 1899--1899
[]\TU/lmtt/m/n/10.53937 ## 50        Wyoming        376   4566        0,6    70,29    6,9    62,9   173[] 
 []

[40] [41] [42] [43]
Overfull \hbox (114.25323pt too wide) in paragraph at lines 2036--2036
[]\TU/lmtt/m/n/10.53937 ## -- Column specification --------------------------------------------------------[] 
 []

[44]
Overfull \hbox (114.25323pt too wide) in paragraph at lines 2083--2083
[]\TU/lmtt/m/n/10.53937 ## -- Column specification --------------------------------------------------------[] 
 []

[45]
Overfull \hbox (164.05156pt too wide) in paragraph at lines 2120--2120
[]\TU/lmtt/m/n/10.53937 ## i Using "','" as decimal and "'.'" as grouping mark. Use `read_delim()` for more control.[] 
 []

[46] [47]
Overfull \hbox (114.25323pt too wide) in paragraph at lines 2188--2188
[]\TU/lmtt/m/n/10.53937 ## -- Column specification --------------------------------------------------------[] 
 []


Overfull \hbox (108.71986pt too wide) in paragraph at lines 2188--2188
[]\TU/lmtt/m/n/10.53937 ## dbl (8): Population, Income, Illiteracy, Life Exp, Murder, HS Grad, Frost, Area[] 
 []


Overfull \hbox (64.45451pt too wide) in paragraph at lines 2188--2188
[]\TU/lmtt/m/n/10.53937 ## i Use `spec()` to retrieve the full column specification for this data.[] 
 []


Overfull \hbox (119.78621pt too wide) in paragraph at lines 2188--2188
[]\TU/lmtt/m/n/10.53937 ## i Specify the column types or set `show_col_types = FALSE` to quiet this message.[] 
 []


Overfull \hbox (114.25305pt too wide) in paragraph at lines 2205--2205
[]\TU/lmtt/m/n/10.53937 ##    ...1    Population Income Illiteracy `Life Exp` Murder `HS Grad` Frost   Area[] 
 []


Overfull \hbox (114.25317pt too wide) in paragraph at lines 2205--2205
[]\TU/lmtt/m/n/10.53937 ##    <chr>        <dbl>  <dbl>      <dbl>      <dbl>  <dbl>     <dbl> <dbl>  <dbl>[] 
 []


Overfull \hbox (114.25316pt too wide) in paragraph at lines 2205--2205
[]\TU/lmtt/m/n/10.53937 ##  1 Alabama       3615   3624        2.1       69.0   15.1      41.3    20  50708[] 
 []


Overfull \hbox (114.25314pt too wide) in paragraph at lines 2205--2205
[]\TU/lmtt/m/n/10.53937 ##  2 Alaska         365   6315        1.5       69.3   11.3      66.7   152 566432[] 
 []


Overfull \hbox (114.25314pt too wide) in paragraph at lines 2205--2205
[]\TU/lmtt/m/n/10.53937 ##  3 Arizona       2212   4530        1.8       70.6    7.8      58.1    15 113417[] 
 []


Overfull \hbox (114.25316pt too wide) in paragraph at lines 2205--2205
[]\TU/lmtt/m/n/10.53937 ##  4 Arkans~       2110   3378        1.9       70.7   10.1      39.9    65  51945[] 
 []


Overfull \hbox (114.25314pt too wide) in paragraph at lines 2205--2205
[]\TU/lmtt/m/n/10.53937 ##  5 Califo~      21198   5114        1.1       71.7   10.3      62.6    20 156361[] 
 []


Overfull \hbox (114.25314pt too wide) in paragraph at lines 2205--2205
[]\TU/lmtt/m/n/10.53937 ##  6 Colora~       2541   4884        0.7       72.1    6.8      63.9   166 103766[] 
 []


Overfull \hbox (114.25316pt too wide) in paragraph at lines 2205--2205
[]\TU/lmtt/m/n/10.53937 ##  7 Connec~       3100   5348        1.1       72.5    3.1      56     139   4862[] 
 []


Overfull \hbox (114.25316pt too wide) in paragraph at lines 2205--2205
[]\TU/lmtt/m/n/10.53937 ##  8 Delawa~        579   4809        0.9       70.1    6.2      54.6   103   1982[] 
 []


Overfull \hbox (114.25316pt too wide) in paragraph at lines 2205--2205
[]\TU/lmtt/m/n/10.53937 ##  9 Florida       8277   4815        1.3       70.7   10.7      52.6    11  54090[] 
 []


Overfull \hbox (114.25316pt too wide) in paragraph at lines 2205--2205
[]\TU/lmtt/m/n/10.53937 ## 10 Georgia       4931   4091        2         68.5   13.9      40.6    60  58073[] 
 []


Overfull \hbox (86.58737pt too wide) in paragraph at lines 2226--2226
[]\TU/lmtt/m/n/10.53937 ## -------------------------------------------------------- Delimiter: ";" chr[] 
 []


Overfull \hbox (92.12036pt too wide) in paragraph at lines 2226--2226
[]\TU/lmtt/m/n/10.53937 ## (2): ...1, Illiteracy dbl (4): Population, Income, Frost, Area num (3): Life[] 
 []

[48]
Overfull \hbox (75.52086pt too wide) in paragraph at lines 2226--2226
[]\TU/lmtt/m/n/10.53937 ## i Use `spec()` to retrieve the full column specification for this data. i[] 
 []


Overfull \hbox (108.71986pt too wide) in paragraph at lines 2226--2226
[]\TU/lmtt/m/n/10.53937 ## Specify the column types or set `show_col_types = FALSE` to quiet this message.[] 
 []


Overfull \hbox (114.25305pt too wide) in paragraph at lines 2243--2243
[]\TU/lmtt/m/n/10.53937 ##    ...1    Population Income Illiteracy `Life Exp` Murder `HS Grad` Frost   Area[] 
 []


Overfull \hbox (114.25317pt too wide) in paragraph at lines 2243--2243
[]\TU/lmtt/m/n/10.53937 ##    <chr>        <dbl>  <dbl> <chr>           <dbl>  <dbl>     <dbl> <dbl>  <dbl>[] 
 []


Overfull \hbox (114.25316pt too wide) in paragraph at lines 2243--2243
[]\TU/lmtt/m/n/10.53937 ##  1 Alabama       3615   3624 2,1              6905    151       413    20  50708[] 
 []


Overfull \hbox (114.25314pt too wide) in paragraph at lines 2243--2243
[]\TU/lmtt/m/n/10.53937 ##  2 Alaska         365   6315 1,5              6931    113       667   152 566432[] 
 []


Overfull \hbox (114.25314pt too wide) in paragraph at lines 2243--2243
[]\TU/lmtt/m/n/10.53937 ##  3 Arizona       2212   4530 1,8              7055     78       581    15 113417[] 
 []


Overfull \hbox (114.25316pt too wide) in paragraph at lines 2243--2243
[]\TU/lmtt/m/n/10.53937 ##  4 Arkans~       2110   3378 1,9              7066    101       399    65  51945[] 
 []


Overfull \hbox (114.25314pt too wide) in paragraph at lines 2243--2243
[]\TU/lmtt/m/n/10.53937 ##  5 Califo~      21198   5114 1,1              7171    103       626    20 156361[] 
 []


Overfull \hbox (114.25314pt too wide) in paragraph at lines 2243--2243
[]\TU/lmtt/m/n/10.53937 ##  6 Colora~       2541   4884 0,7              7206     68       639   166 103766[] 
 []


Overfull \hbox (114.25316pt too wide) in paragraph at lines 2243--2243
[]\TU/lmtt/m/n/10.53937 ##  7 Connec~       3100   5348 1,1              7248     31        56   139   4862[] 
 []


Overfull \hbox (114.25316pt too wide) in paragraph at lines 2243--2243
[]\TU/lmtt/m/n/10.53937 ##  8 Delawa~        579   4809 0,9              7006     62       546   103   1982[] 
 []


Overfull \hbox (114.25316pt too wide) in paragraph at lines 2243--2243
[]\TU/lmtt/m/n/10.53937 ##  9 Florida       8277   4815 1,3              7066    107       526    11  54090[] 
 []


Overfull \hbox (114.25316pt too wide) in paragraph at lines 2243--2243
[]\TU/lmtt/m/n/10.53937 ## 10 Georgia       4931   4091 2                6854    139       406    60  58073[] 
 []

[49] (./talk03-homework.aux)
 ***********
LaTeX2e <2023-06-01> patch level 1
L3 programming layer <2022/07/14>
 ***********

LaTeX Font Warning: Some font shapes were not available, defaults substituted.

Package rerunfilecheck Info: File `talk03-homework.out' has not changed.
(rerunfilecheck)             Checksum: 5FB074FD26F2E6E5FCF16F60F4756BB0;948.
 ) 
Here is how much of TeX's memory you used:
 20532 strings out of 477590
 427797 string characters out of 5817911
 1945438 words of memory out of 5000000
 41439 multiletter control sequences out of 15000+600000
 566330 words of font info for 112 fonts, out of 8000000 for 9000
 14 hyphenation exceptions out of 8191
 93i,5n,129p,526b,868s stack positions out of 10000i,1000n,20000p,200000b,200000s

Output written on talk03-homework.pdf (49 pages).
