This is LuaHBTeX, Version 1.17.0 (TeX Live 2023)  (format=lualatex 2023.11.6)  2 DEC 2023 14:47
 restricted system commands enabled.
 file:line:error style messages enabled.
**REVIEW_01.tex
(./REVIEW_01.tex
LaTeX2e <2023-11-01>
L3 programming layer <2023-11-01>
Lua module: luaotfload 2023-08-31 3.26 Lua based OpenType font support
Lua module: lualibs 2023-07-13 2.76 ConTeXt Lua standard libraries.
Lua module: lualibs-extended 2023-07-13 2.76 ConTeXt Lua libraries -- extended collection.
luaotfload | conf : Root cache directory is "/Users/lucas/Library/TinyTeX/texmf-var/luatex-cache/generic/names".
luaotfload | init : Loading fontloader "fontloader-2023-08-19.lua" from kpse-resolved path "/Users/lucas/Library/TinyTeX/texmf-dist/tex/luatex/luaotfload/fontloader-2023-08-19.lua".
Lua-only attribute luaotfload@noligature = 1
luaotfload | init : Context OpenType loader version 3.133
Inserting `luaotfload.node_processor' in `pre_linebreak_filter'.
Inserting `luaotfload.node_processor' in `hpack_filter'.
Inserting `luaotfload.glyph_stream' in `glyph_stream_provider'.
Inserting `luaotfload.define_font' in `define_font'.
Lua-only attribute luaotfload_color_attribute = 2
luaotfload | conf : Root cache directory is "/Users/lucas/Library/TinyTeX/texmf-var/luatex-cache/generic/names".
Inserting `luaotfload.harf.strip_prefix' in `find_opentype_file'.
Inserting `luaotfload.harf.strip_prefix' in `find_truetype_file'.
Removing  `luaotfload.glyph_stream' from `glyph_stream_provider'.
Inserting `luaotfload.harf.glyphstream' in `glyph_stream_provider'.
Inserting `luaotfload.harf.finalize_vlist' in `post_linebreak_filter'.
Inserting `luaotfload.harf.finalize_hlist' in `hpack_filter'.
Inserting `luaotfload.cleanup_files' in `wrapup_run'.
Inserting `luaotfload.harf.finalize_unicode' in `finish_pdffile'.
Inserting `luaotfload.glyphinfo' in `glyph_info'.
Lua-only attribute luaotfload.letterspace_done = 3
Inserting `luaotfload.aux.set_sscale_dimens' in `luaotfload.patch_font'.
Inserting `luaotfload.aux.set_font_index' in `luaotfload.patch_font'.
Inserting `luaotfload.aux.patch_cambria_domh' in `luaotfload.patch_font'.
Inserting `luaotfload.aux.fixup_fontdata' in `luaotfload.patch_font_unsafe'.
Inserting `luaotfload.aux.set_capheight' in `luaotfload.patch_font'.
Inserting `luaotfload.aux.set_xheight' in `luaotfload.patch_font'.
Inserting `luaotfload.rewrite_fontname' in `luaotfload.patch_font'.
Inserting `tracingstacklevels' in `input_level_string'. (/Users/lucas/Library/TinyTeX/texmf-dist/tex/latex/base/article.cls
Document Class: article 2023/05/17 v1.4n Standard LaTeX document class
(/Users/lucas/Library/TinyTeX/texmf-dist/tex/latex/base/size10.clo
File: size10.clo 2023/05/17 v1.4n Standard LaTeX file (size option)
luaotfload | db : Font names database loaded from /Users/lucas/Library/TinyTeX/texmf-var/luatex-cache/generic/names/luaotfload-names.luc.gz)
\c@part=\count184
\c@section=\count185
\c@subsection=\count186
\c@subsubsection=\count187
\c@paragraph=\count188
\c@subparagraph=\count189
\c@figure=\count190
\c@table=\count191
\abovecaptionskip=\skip48
\belowcaptionskip=\skip49
\bibindent=\dimen139
) (/Users/lucas/Library/TinyTeX/texmf-dist/tex/latex/amsmath/amsmath.sty
Package: amsmath 2023/05/13 v2.17o AMS math features
\@mathmargin=\skip50

For additional information on amsmath, use the `?' option.
(/Users/lucas/Library/TinyTeX/texmf-dist/tex/latex/amsmath/amstext.sty
Package: amstext 2021/08/26 v2.01 AMS text
 (/Users/lucas/Library/TinyTeX/texmf-dist/tex/latex/amsmath/amsgen.sty
File: amsgen.sty 1999/11/30 v2.0 generic functions
\@emptytoks=\toks17
\ex@=\dimen140
)) (/Users/lucas/Library/TinyTeX/texmf-dist/tex/latex/amsmath/amsbsy.sty
Package: amsbsy 1999/11/29 v1.2d Bold Symbols
\pmbraise@=\dimen141
) (/Users/lucas/Library/TinyTeX/texmf-dist/tex/latex/amsmath/amsopn.sty
Package: amsopn 2022/04/08 v2.04 operator names
)
\inf@bad=\count192
LaTeX Info: Redefining \frac on input line 236.
\uproot@=\count193
\leftroot@=\count194
LaTeX Info: Redefining \overline on input line 399.
LaTeX Info: Redefining \colon on input line 410.
\classnum@=\count195
\DOTSCASE@=\count196
LaTeX Info: Redefining \ldots on input line 496.
LaTeX Info: Redefining \dots on input line 499.
LaTeX Info: Redefining \cdots on input line 620.
\Mathstrutbox@=\box51
\strutbox@=\box52
LaTeX Info: Redefining \big on input line 722.
LaTeX Info: Redefining \Big on input line 723.
LaTeX Info: Redefining \bigg on input line 724.
LaTeX Info: Redefining \Bigg on input line 725.
\big@size=\dimen142
LaTeX Font Info:    Redeclaring font encoding OML on input line 743.
LaTeX Font Info:    Redeclaring font encoding OMS on input line 744.
\macc@depth=\count197
LaTeX Info: Redefining \bmod on input line 905.
LaTeX Info: Redefining \pmod on input line 910.
LaTeX Info: Redefining \smash on input line 940.
LaTeX Info: Redefining \relbar on input line 970.
LaTeX Info: Redefining \Relbar on input line 971.
\c@MaxMatrixCols=\count198
\dotsspace@=\muskip16
\c@parentequation=\count199
\dspbrk@lvl=\count266
\tag@help=\toks18
\row@=\count267
\column@=\count268
\maxfields@=\count269
\andhelp@=\toks19
\eqnshift@=\dimen143
\alignsep@=\dimen144
\tagshift@=\dimen145
\tagwidth@=\dimen146
\totwidth@=\dimen147
\lineht@=\dimen148
\@envbody=\toks20
\multlinegap=\skip51
\multlinetaggap=\skip52
\mathdisplay@stack=\toks21
LaTeX Info: Redefining \[ on input line 2953.
LaTeX Info: Redefining \] on input line 2954.
) (/Users/lucas/Library/TinyTeX/texmf-dist/tex/latex/amsfonts/amssymb.sty
Package: amssymb 2013/01/14 v3.01 AMS font symbols
 (/Users/lucas/Library/TinyTeX/texmf-dist/tex/latex/amsfonts/amsfonts.sty
Package: amsfonts 2013/01/14 v3.01 Basic AMSFonts support
\symAMSa=\mathgroup4
\symAMSb=\mathgroup5
LaTeX Font Info:    Redeclaring math symbol \hbar on input line 98.
LaTeX Font Info:    Overwriting math alphabet `\mathfrak' in version `bold'
(Font)                  U/euf/m/n --> U/euf/b/n on input line 106.
)) (/Users/lucas/Library/TinyTeX/texmf-dist/tex/generic/iftex/iftex.sty
Package: iftex 2022/02/03 v1.0f TeX engine tests
) (/Users/lucas/Library/TinyTeX/texmf-dist/tex/latex/unicode-math/unicode-math.sty (/Users/lucas/Library/TinyTeX/texmf-dist/tex/latex/l3kernel/expl3.sty
Package: expl3 2023-11-01 L3 programming layer (loader) 
 (/Users/lucas/Library/TinyTeX/texmf-dist/tex/latex/l3backend/l3backend-luatex.def
File: l3backend-luatex.def 2023-10-23 L3 backend support: PDF output (LuaTeX)
\l__color_backend_stack_int=\count270
Inserting `l3color' in `luaotfload.parse_color'.
\l__pdf_internal_box=\box53
))
Package: unicode-math 2023/08/13 v0.8r Unicode maths in XeLaTeX and LuaLaTeX
 (/Users/lucas/Library/TinyTeX/texmf-dist/tex/latex/unicode-math/unicode-math-luatex.sty
Package: unicode-math-luatex 2023/08/13 v0.8r Unicode maths in XeLaTeX and LuaLaTeX
 (/Users/lucas/Library/TinyTeX/texmf-dist/tex/latex/l3packages/xparse/xparse.sty
Package: xparse 2023-10-10 L3 Experimental document command parser
) (/Users/lucas/Library/TinyTeX/texmf-dist/tex/latex/l3packages/l3keys2e/l3keys2e.sty
Package: l3keys2e 2023-10-10 LaTeX2e option processing using LaTeX3 keys
) (/Users/lucas/Library/TinyTeX/texmf-dist/tex/latex/fontspec/fontspec.sty
Package: fontspec 2022/01/15 v2.8a Font selection for XeLaTeX and LuaLaTeX
Lua module: fontspec 2022/01/15 2.8a Font selection for XeLaTeX and LuaLaTeX (/Users/lucas/Library/TinyTeX/texmf-dist/tex/latex/fontspec/fontspec-luatex.sty
Package: fontspec-luatex 2022/01/15 v2.8a Font selection for XeLaTeX and LuaLaTeX
\l__fontspec_script_int=\count271
\l__fontspec_language_int=\count272
\l__fontspec_strnum_int=\count273
\l__fontspec_tmp_int=\count274
\l__fontspec_tmpa_int=\count275
\l__fontspec_tmpb_int=\count276
\l__fontspec_tmpc_int=\count277
\l__fontspec_em_int=\count278
\l__fontspec_emdef_int=\count279
\l__fontspec_strong_int=\count280
\l__fontspec_strongdef_int=\count281
\l__fontspec_tmpa_dim=\dimen149
\l__fontspec_tmpb_dim=\dimen150
\l__fontspec_tmpc_dim=\dimen151
 (/Users/lucas/Library/TinyTeX/texmf-dist/tex/latex/base/fontenc.sty
Package: fontenc 2021/04/29 v2.0v Standard LaTeX package
) (/Users/lucas/Library/TinyTeX/texmf-dist/tex/latex/fontspec/fontspec.cfg))) (/Users/lucas/Library/TinyTeX/texmf-dist/tex/latex/base/fix-cm.sty
Package: fix-cm 2020/11/24 v1.1t fixes to LaTeX
 (/Users/lucas/Library/TinyTeX/texmf-dist/tex/latex/base/ts1enc.def
File: ts1enc.def 2001/06/05 v3.0e (jk/car/fm) Standard LaTeX file
LaTeX Font Info:    Redeclaring font encoding TS1 on input line 47.
)) (/Users/lucas/Library/TinyTeX/texmf-dist/tex/lualatex/lualatex-math/lualatex-math.sty
Package: lualatex-math 2022/01/01 v1.12 Patches for mathematics typesetting with LuaLaTeX
 (/Users/lucas/Library/TinyTeX/texmf-dist/tex/latex/etoolbox/etoolbox.sty
Package: etoolbox 2020/10/05 v2.5k e-TeX tools for LaTeX (JAW)
\etb@tempcnta=\count282
)
Lua module: lualatex-math 2013/08/03 1.3 Patches for mathematics typesetting with LuaLaTeX)
\g__um_fam_int=\count283
\g__um_fonts_used_int=\count284
\l__um_primecount_int=\count285
\g__um_primekern_muskip=\muskip17
 (/Users/lucas/Library/TinyTeX/texmf-dist/tex/latex/unicode-math/unicode-math-table.tex))) (/Users/lucas/Library/TinyTeX/texmf-dist/tex/latex/lm/lmodern.sty
Package: lmodern 2015/05/01 v1.6.1 Latin Modern Fonts
LaTeX Font Info:    Overwriting symbol font `operators' in version `normal'
(Font)                  OT1/cmr/m/n --> OT1/lmr/m/n on input line 22.
LaTeX Font Info:    Overwriting symbol font `letters' in version `normal'
(Font)                  OML/cmm/m/it --> OML/lmm/m/it on input line 23.
LaTeX Font Info:    Overwriting symbol font `symbols' in version `normal'
(Font)                  OMS/cmsy/m/n --> OMS/lmsy/m/n on input line 24.
LaTeX Font Info:    Overwriting symbol font `largesymbols' in version `normal'
(Font)                  OMX/cmex/m/n --> OMX/lmex/m/n on input line 25.
LaTeX Font Info:    Overwriting symbol font `operators' in version `bold'
(Font)                  OT1/cmr/bx/n --> OT1/lmr/bx/n on input line 26.
LaTeX Font Info:    Overwriting symbol font `letters' in version `bold'
(Font)                  OML/cmm/b/it --> OML/lmm/b/it on input line 27.
LaTeX Font Info:    Overwriting symbol font `symbols' in version `bold'
(Font)                  OMS/cmsy/b/n --> OMS/lmsy/b/n on input line 28.
LaTeX Font Info:    Overwriting symbol font `largesymbols' in version `bold'
(Font)                  OMX/cmex/m/n --> OMX/lmex/m/n on input line 29.
LaTeX Font Info:    Overwriting math alphabet `\mathbf' in version `normal'
(Font)                  OT1/cmr/bx/n --> OT1/lmr/bx/n on input line 31.
LaTeX Font Info:    Overwriting math alphabet `\mathsf' in version `normal'
(Font)                  OT1/cmss/m/n --> OT1/lmss/m/n on input line 32.
LaTeX Font Info:    Overwriting math alphabet `\mathit' in version `normal'
(Font)                  OT1/cmr/m/it --> OT1/lmr/m/it on input line 33.
LaTeX Font Info:    Overwriting math alphabet `\mathtt' in version `normal'
(Font)                  OT1/cmtt/m/n --> OT1/lmtt/m/n on input line 34.
LaTeX Font Info:    Overwriting math alphabet `\mathbf' in version `bold'
(Font)                  OT1/cmr/bx/n --> OT1/lmr/bx/n on input line 35.
LaTeX Font Info:    Overwriting math alphabet `\mathsf' in version `bold'
(Font)                  OT1/cmss/bx/n --> OT1/lmss/bx/n on input line 36.
LaTeX Font Info:    Overwriting math alphabet `\mathit' in version `bold'
(Font)                  OT1/cmr/bx/it --> OT1/lmr/bx/it on input line 37.
LaTeX Font Info:    Overwriting math alphabet `\mathtt' in version `bold'
(Font)                  OT1/cmtt/m/n --> OT1/lmtt/m/n on input line 38.
) (/Users/lucas/Library/TinyTeX/texmf-dist/tex/latex/xcolor/xcolor.sty
Package: xcolor 2022/06/12 v2.14 LaTeX color extensions (UK)
 (/Users/lucas/Library/TinyTeX/texmf-dist/tex/latex/graphics-cfg/color.cfg
File: color.cfg 2016/01/02 v1.6 sample color configuration
)
Package xcolor Info: Driver file: luatex.def on input line 227.
 (/Users/lucas/Library/TinyTeX/texmf-dist/tex/latex/graphics-def/luatex.def
File: luatex.def 2022/09/22 v1.2d Graphics/color driver for luatex
) (/Users/lucas/Library/TinyTeX/texmf-dist/tex/latex/graphics/mathcolor.ltx)
Package xcolor Info: Model `cmy' substituted by `cmy0' on input line 1353.
Package xcolor Info: Model `hsb' substituted by `rgb' on input line 1357.
Package xcolor Info: Model `RGB' extended on input line 1369.
Package xcolor Info: Model `HTML' substituted by `rgb' on input line 1371.
Package xcolor Info: Model `Hsb' substituted by `hsb' on input line 1372.
Package xcolor Info: Model `tHsb' substituted by `hsb' on input line 1373.
Package xcolor Info: Model `HSB' substituted by `hsb' on input line 1374.
Package xcolor Info: Model `Gray' substituted by `gray' on input line 1375.
Package xcolor Info: Model `wave' substituted by `hsb' on input line 1376.
)
(/Users/lucas/Library/TinyTeX/texmf-dist/tex/latex/fancyvrb/fancyvrb.sty
Package: fancyvrb 2023/01/19 4.5a verbatim text (tvz,hv)
 (/Users/lucas/Library/TinyTeX/texmf-dist/tex/latex/graphics/keyval.sty
Package: keyval 2022/05/29 v1.15 key=value parser (DPC)
\KV@toks@=\toks22
)
\FV@CodeLineNo=\count286
\FV@InFile=\read2
\FV@TabBox=\box54
\c@FancyVerbLine=\count287
\FV@StepNumber=\count288
\FV@OutFile=\write3
) (/Users/lucas/Library/TinyTeX/texmf-dist/tex/latex/graphics/graphicx.sty
Package: graphicx 2021/09/16 v1.2d Enhanced LaTeX Graphics (DPC,SPQR)
 (/Users/lucas/Library/TinyTeX/texmf-dist/tex/latex/graphics/graphics.sty
Package: graphics 2022/03/10 v1.4e Standard LaTeX Graphics (DPC,SPQR)
 (/Users/lucas/Library/TinyTeX/texmf-dist/tex/latex/graphics/trig.sty
Package: trig 2021/08/11 v1.11 sin cos tan (DPC)
) (/Users/lucas/Library/TinyTeX/texmf-dist/tex/latex/graphics-cfg/graphics.cfg
File: graphics.cfg 2016/06/04 v1.11 sample graphics configuration
)
Package graphics Info: Driver file: luatex.def on input line 107.
)
\Gin@req@height=\dimen152
\Gin@req@width=\dimen153
) (/Users/lucas/Library/TinyTeX/texmf-dist/tex/lualatex/selnolig/selnolig.sty
=== Package selnolig, Version 0.302, Date 2015/10/26 ===
Package: selnolig 2015/10/26
(/Users/lucas/Library/TinyTeX/texmf-dist/tex/generic/iftex/ifluatex.sty
Package: ifluatex 2019/10/25 v1.5 ifluatex legacy package. Use iftex instead.
) (/Users/lucas/Library/TinyTeX/texmf-dist/tex/luatex/luatexbase/luatexbase.sty
Package: luatexbase 2015/10/04 v1.3 luatexbase interface to LuaTeX 
 (/Users/lucas/Library/TinyTeX/texmf-dist/tex/luatex/ctablestack/ctablestack.sty
Package: ctablestack 2015/10/01 v1.0 Catcode table stable support
\@catcodetablestackcnt=\count289
)
\CatcodeTableOther=\catcodetable14
\CatcodeTableExpl=\catcodetable15
)
Inserting `Suppress ligatures selectively' in `ligaturing'.) (/Users/lucas/Library/TinyTeX/texmf-dist/tex/latex/hyperref/hyperref.sty
Package: hyperref 2023-10-27 v7.01d Hypertext links for LaTeX
 (/Users/lucas/Library/TinyTeX/texmf-dist/tex/generic/ltxcmds/ltxcmds.sty
Package: ltxcmds 2020-05-10 v1.25 LaTeX kernel commands for general use (HO)
) (/Users/lucas/Library/TinyTeX/texmf-dist/tex/generic/pdftexcmds/pdftexcmds.sty
Package: pdftexcmds 2020-06-27 v0.33 Utility functions of pdfTeX for LuaTeX (HO)
 (/Users/lucas/Library/TinyTeX/texmf-dist/tex/generic/infwarerr/infwarerr.sty
Package: infwarerr 2019/12/03 v1.5 Providing info/warning/error messages (HO)
)
Package pdftexcmds Info: \pdf@primitive is available.
Package pdftexcmds Info: \pdf@ifprimitive is available.
Package pdftexcmds Info: \pdfdraftmode found.
\pdftexcmds@toks=\toks23
) (/Users/lucas/Library/TinyTeX/texmf-dist/tex/latex/kvsetkeys/kvsetkeys.sty
Package: kvsetkeys 2022-10-05 v1.19 Key value parser (HO)
) (/Users/lucas/Library/TinyTeX/texmf-dist/tex/generic/kvdefinekeys/kvdefinekeys.sty
Package: kvdefinekeys 2019-12-19 v1.6 Define keys (HO)
) (/Users/lucas/Library/TinyTeX/texmf-dist/tex/generic/pdfescape/pdfescape.sty
Package: pdfescape 2019/12/09 v1.15 Implements pdfTeX's escape features (HO)
) (/Users/lucas/Library/TinyTeX/texmf-dist/tex/latex/hycolor/hycolor.sty
Package: hycolor 2020-01-27 v1.10 Color options for hyperref/bookmark (HO)
) (/Users/lucas/Library/TinyTeX/texmf-dist/tex/latex/letltxmacro/letltxmacro.sty
Package: letltxmacro 2019/12/03 v1.6 Let assignment for LaTeX macros (HO)
) (/Users/lucas/Library/TinyTeX/texmf-dist/tex/latex/auxhook/auxhook.sty
Package: auxhook 2019-12-17 v1.6 Hooks for auxiliary files (HO)
) (/Users/lucas/Library/TinyTeX/texmf-dist/tex/latex/hyperref/nameref.sty
Package: nameref 2023-10-05 v2.54 Cross-referencing by name of section
 (/Users/lucas/Library/TinyTeX/texmf-dist/tex/latex/refcount/refcount.sty
Package: refcount 2019/12/15 v3.6 Data extraction from label references (HO)
) (/Users/lucas/Library/TinyTeX/texmf-dist/tex/generic/gettitlestring/gettitlestring.sty
Package: gettitlestring 2019/12/15 v1.6 Cleanup title references (HO)
 (/Users/lucas/Library/TinyTeX/texmf-dist/tex/latex/kvoptions/kvoptions.sty
Package: kvoptions 2022-06-15 v3.15 Key value format for package options (HO)
))
\c@section@level=\count290
)
\@linkdim=\dimen154
\Hy@linkcounter=\count291
\Hy@pagecounter=\count292
 (/Users/lucas/Library/TinyTeX/texmf-dist/tex/latex/hyperref/pd1enc.def
File: pd1enc.def 2023-10-27 v7.01d Hyperref: PDFDocEncoding definition (HO)
) (/Users/lucas/Library/TinyTeX/texmf-dist/tex/generic/intcalc/intcalc.sty
Package: intcalc 2019/12/15 v1.3 Expandable calculations with integers (HO)
)
\Hy@SavedSpaceFactor=\count293
 (/Users/lucas/Library/TinyTeX/texmf-dist/tex/latex/hyperref/puenc.def
File: puenc.def 2023-10-27 v7.01d Hyperref: PDF Unicode definition (HO)
)
Package hyperref Info: Option `unicode' set `true' on input line 4051.
Package hyperref Info: Hyper figures OFF on input line 4168.
Package hyperref Info: Link nesting OFF on input line 4173.
Package hyperref Info: Hyper index ON on input line 4176.
Package hyperref Info: Plain pages OFF on input line 4183.
Package hyperref Info: Backreferencing OFF on input line 4188.
Package hyperref Info: Implicit mode ON; LaTeX internals redefined.
Package hyperref Info: Bookmarks ON on input line 4435.
\c@Hy@tempcnt=\count294
 (/Users/lucas/Library/TinyTeX/texmf-dist/tex/latex/url/url.sty
\Urlmuskip=\muskip18
Package: url 2013/09/16  ver 3.4  Verb mode for urls, etc.
)
LaTeX Info: Redefining \url on input line 4773.
\XeTeXLinkMargin=\dimen155
 (/Users/lucas/Library/TinyTeX/texmf-dist/tex/generic/bitset/bitset.sty
Package: bitset 2019/12/09 v1.3 Handle bit-vector datatype (HO)
 (/Users/lucas/Library/TinyTeX/texmf-dist/tex/generic/bigintcalc/bigintcalc.sty
Package: bigintcalc 2019/12/15 v1.5 Expandable calculations on big integers (HO)
))
\Fld@menulength=\count295
\Field@Width=\dimen156
\Fld@charsize=\dimen157
Package hyperref Info: Hyper figures OFF on input line 6052.
Package hyperref Info: Link nesting OFF on input line 6057.
Package hyperref Info: Hyper index ON on input line 6060.
Package hyperref Info: backreferencing OFF on input line 6067.
Package hyperref Info: Link coloring OFF on input line 6072.
Package hyperref Info: Link coloring with OCG OFF on input line 6077.
Package hyperref Info: PDF/A mode OFF on input line 6082.
 (/Users/lucas/Library/TinyTeX/texmf-dist/tex/latex/base/atbegshi-ltx.sty
Package: atbegshi-ltx 2021/01/10 v1.0c Emulation of the original atbegshi
package with kernel methods
)
\Hy@abspage=\count296
\c@Item=\count297
\c@Hfootnote=\count298
)
Package hyperref Info: Driver (autodetected): hluatex.
 (/Users/lucas/Library/TinyTeX/texmf-dist/tex/latex/hyperref/hluatex.def
File: hluatex.def 2023-10-27 v7.01d Hyperref driver for luaTeX
 (/Users/lucas/Library/TinyTeX/texmf-dist/tex/generic/stringenc/stringenc.sty
Package: stringenc 2019/11/29 v1.12 Convert strings between diff. encodings (HO)
) (/Users/lucas/Library/TinyTeX/texmf-dist/tex/latex/base/atveryend-ltx.sty
Package: atveryend-ltx 2020/08/19 v1.0a Emulation of the original atveryend package
with kernel methods
)
\Fld@listcount=\count299
\c@bookmark@seq@number=\count300

(/Users/lucas/Library/TinyTeX/texmf-dist/tex/latex/rerunfilecheck/rerunfilecheck.sty
Package: rerunfilecheck 2022-07-10 v1.10 Rerun checks for auxiliary files (HO)
 (/Users/lucas/Library/TinyTeX/texmf-dist/tex/generic/uniquecounter/uniquecounter.sty
Package: uniquecounter 2019/12/15 v1.4 Provide unlimited unique counter (HO)
)
Package uniquecounter Info: New unique counter `rerunfilecheck' on input line 285.
)
\Hy@SectionHShift=\skip53
) ("/Users/lucas/Library/Mobile Documents/com~apple~CloudDocs/~~aa Study Materials/Grade 2 I/Learning/R for Data Science/R-for-Data-Science/Review/LaTeX/.texpadtmp/REVIEW_01.aux")
\openout1 = REVIEW_01.aux

LaTeX Font Info:    Checking defaults for OML/cmm/m/it on input line 107.
LaTeX Font Info:    ... okay on input line 107.
LaTeX Font Info:    Checking defaults for OMS/cmsy/m/n on input line 107.
LaTeX Font Info:    ... okay on input line 107.
LaTeX Font Info:    Checking defaults for OT1/cmr/m/n on input line 107.
LaTeX Font Info:    ... okay on input line 107.
LaTeX Font Info:    Checking defaults for T1/cmr/m/n on input line 107.
LaTeX Font Info:    ... okay on input line 107.
LaTeX Font Info:    Checking defaults for TS1/cmr/m/n on input line 107.
LaTeX Font Info:    ... okay on input line 107.
LaTeX Font Info:    Checking defaults for TU/lmr/m/n on input line 107.
LaTeX Font Info:    ... okay on input line 107.
LaTeX Font Info:    Checking defaults for OMX/cmex/m/n on input line 107.
LaTeX Font Info:    ... okay on input line 107.
LaTeX Font Info:    Checking defaults for U/cmr/m/n on input line 107.
LaTeX Font Info:    ... okay on input line 107.
LaTeX Font Info:    Checking defaults for PD1/pdf/m/n on input line 107.
LaTeX Font Info:    ... okay on input line 107.
LaTeX Font Info:    Checking defaults for PU/pdf/m/n on input line 107.
LaTeX Font Info:    ... okay on input line 107.
LaTeX Font Info:    Overwriting math alphabet `\mathrm' in version `normal'
(Font)                  OT1/lmr/m/n --> TU/lmr/m/n on input line 107.
LaTeX Font Info:    Overwriting math alphabet `\mathit' in version `normal'
(Font)                  OT1/lmr/m/it --> TU/lmr/m/it on input line 107.
LaTeX Font Info:    Overwriting math alphabet `\mathbf' in version `normal'
(Font)                  OT1/lmr/bx/n --> TU/lmr/bx/n on input line 107.
LaTeX Font Info:    Overwriting math alphabet `\mathsf' in version `normal'
(Font)                  OT1/lmss/m/n --> TU/lmss/m/n on input line 107.
LaTeX Font Info:    Overwriting math alphabet `\mathsf' in version `bold'
(Font)                  OT1/lmss/bx/n --> TU/lmss/bx/n on input line 107.
LaTeX Font Info:    Overwriting math alphabet `\mathtt' in version `normal'
(Font)                  OT1/lmtt/m/n --> TU/lmtt/m/n on input line 107.
LaTeX Font Info:    Overwriting math alphabet `\mathtt' in version `bold'
(Font)                  OT1/lmtt/m/n --> TU/lmtt/bx/n on input line 107.

Package fontspec Info: latinmodern-math scale = 0.9999964596882403.


Package fontspec Info: latinmodern-math scale = 0.9999964596882403.


Package fontspec Info: latinmodern-math scale = 0.9999964596882403.


Package fontspec Info: Font family 'latinmodern-math.otf(0)' created for font
(fontspec)             'latinmodern-math.otf' with options
(fontspec)             [Scale=MatchLowercase,Renderer=Basic,BoldItalicFont={},ItalicFont={},SmallCapsFont={},Script=Math,RawFeature={mathfontdimen=xetex},BoldFont={latinmodern-math.otf}].
(fontspec)              
(fontspec)              This font family consists of the following NFSS
(fontspec)             series/shapes:
(fontspec)              
(fontspec)             - 'normal' (m/n) with NFSS spec.:
(fontspec)             <->s*[0.9999964596882403]"[latinmodern-math.otf]:mode=base;script=math;language=dflt;mathfontdimen=xetex;"
(fontspec)             - 'small caps'  (m/sc) with NFSS spec.: 
(fontspec)             - 'bold' (b/n) with NFSS spec.:
(fontspec)             <->s*[0.9999964596882403]"[latinmodern-math.otf]:mode=base;script=math;language=dflt;mathfontdimen=xetex;"
(fontspec)             - 'bold small caps'  (b/sc) with NFSS spec.: 

LaTeX Font Info:    Font shape `TU/latinmodern-math.otf(0)/m/n' will be
(Font)              scaled to size 10.0pt on input line 107.

Package fontspec Info: latinmodern-math scale = 0.9999964596882403.


Package fontspec Info: latinmodern-math scale = 0.9999964596882403.


Package fontspec Info: latinmodern-math scale = 0.9999964596882403.


Package fontspec Info: latinmodern-math scale = 0.9999964596882403.


Package fontspec Info: latinmodern-math scale = 0.9999964596882403.


Package fontspec Info: Font family 'latinmodern-math.otf(1)' created for font
(fontspec)             'latinmodern-math.otf' with options
(fontspec)             [Scale=MatchLowercase,Renderer=Basic,BoldItalicFont={},ItalicFont={},SmallCapsFont={},Script=Math,SizeFeatures={{Size=8.5-},{Size=6-8.5,Font=latinmodern-math.otf,Style=MathScript},{Size=-6,Font=latinmodern-math.otf,Style=MathScriptScript}},RawFeature={mathfontdimen=xetex},BoldFont={latinmodern-math.otf}].
(fontspec)              
(fontspec)              This font family consists of the following NFSS
(fontspec)             series/shapes:
(fontspec)              
(fontspec)             - 'normal' (m/n) with NFSS spec.:
(fontspec)             <8.5->s*[0.9999964596882403]"[latinmodern-math.otf]:mode=base;script=math;language=dflt;mathfontdimen=xetex;"<6-8.5>s*[0.9999964596882403]"[latinmodern-math.otf]:mode=base;script=math;language=dflt;mathfontdimen=xetex;+ssty=0;"<-6>s*[0.9999964596882403]"[latinmodern-math.otf]:mode=base;script=math;language=dflt;mathfontdimen=xetex;+ssty=1;"
(fontspec)             - 'small caps'  (m/sc) with NFSS spec.: 
(fontspec)             - 'bold' (b/n) with NFSS spec.:
(fontspec)             <->s*[0.9999964596882403]"[latinmodern-math.otf]:mode=base;script=math;language=dflt;mathfontdimen=xetex;"
(fontspec)             - 'bold small caps'  (b/sc) with NFSS spec.: 

LaTeX Font Info:    Font shape `TU/latinmodern-math.otf(1)/m/n' will be
(Font)              scaled to size 10.0pt on input line 107.
LaTeX Font Info:    Encoding `OT1' has changed to `TU' for symbol font
(Font)              `operators' in the math version `normal' on input line 107.
LaTeX Font Info:    Overwriting symbol font `operators' in version `normal'
(Font)                  OT1/lmr/m/n --> TU/latinmodern-math.otf(1)/m/n on input line 107.
LaTeX Font Info:    Encoding `OT1' has changed to `TU' for symbol font
(Font)              `operators' in the math version `bold' on input line 107.
LaTeX Font Info:    Overwriting symbol font `operators' in version `bold'
(Font)                  OT1/lmr/bx/n --> TU/latinmodern-math.otf(1)/b/n on input line 107.

Package fontspec Info: latinmodern-math scale = 0.9999964596882403.


Package fontspec Info: latinmodern-math scale = 0.9999964596882403.


Package fontspec Info: latinmodern-math scale = 0.9999964596882403.


Package fontspec Info: latinmodern-math scale = 0.9999964596882403.


Package fontspec Info: latinmodern-math scale = 0.9999964596882403.


Package fontspec Info: Font family 'latinmodern-math.otf(2)' created for font
(fontspec)             'latinmodern-math.otf' with options
(fontspec)             [Scale=MatchLowercase,Renderer=Basic,BoldItalicFont={},ItalicFont={},SmallCapsFont={},Script=Math,SizeFeatures={{Size=8.5-},{Size=6-8.5,Font=latinmodern-math.otf,Style=MathScript},{Size=-6,Font=latinmodern-math.otf,Style=MathScriptScript}},RawFeature={mathfontdimen=xetex},BoldFont={latinmodern-math.otf},RawFeature={mathfontdimen=tex2}].
(fontspec)              
(fontspec)              This font family consists of the following NFSS
(fontspec)             series/shapes:
(fontspec)              
(fontspec)             - 'normal' (m/n) with NFSS spec.:
(fontspec)             <8.5->s*[0.9999964596882403]"[latinmodern-math.otf]:mode=base;script=math;language=dflt;mathfontdimen=xetex;mathfontdimen=tex2;"<6-8.5>s*[0.9999964596882403]"[latinmodern-math.otf]:mode=base;script=math;language=dflt;mathfontdimen=xetex;mathfontdimen=tex2;+ssty=0;"<-6>s*[0.9999964596882403]"[latinmodern-math.otf]:mode=base;script=math;language=dflt;mathfontdimen=xetex;mathfontdimen=tex2;+ssty=1;"
(fontspec)             - 'small caps'  (m/sc) with NFSS spec.: 
(fontspec)             - 'bold' (b/n) with NFSS spec.:
(fontspec)             <->s*[0.9999964596882403]"[latinmodern-math.otf]:mode=base;script=math;language=dflt;mathfontdimen=xetex;mathfontdimen=tex2;"
(fontspec)             - 'bold small caps'  (b/sc) with NFSS spec.: 

LaTeX Font Info:    Encoding `OMS' has changed to `TU' for symbol font
(Font)              `symbols' in the math version `normal' on input line 107.
LaTeX Font Info:    Overwriting symbol font `symbols' in version `normal'
(Font)                  OMS/lmsy/m/n --> TU/latinmodern-math.otf(2)/m/n on input line 107.
LaTeX Font Info:    Encoding `OMS' has changed to `TU' for symbol font
(Font)              `symbols' in the math version `bold' on input line 107.
LaTeX Font Info:    Overwriting symbol font `symbols' in version `bold'
(Font)                  OMS/lmsy/b/n --> TU/latinmodern-math.otf(2)/b/n on input line 107.

Package fontspec Info: latinmodern-math scale = 0.9999964596882403.


Package fontspec Info: latinmodern-math scale = 0.9999964596882403.


Package fontspec Info: latinmodern-math scale = 0.9999964596882403.


Package fontspec Info: latinmodern-math scale = 0.9999964596882403.


Package fontspec Info: latinmodern-math scale = 0.9999964596882403.


Package fontspec Info: Font family 'latinmodern-math.otf(3)' created for font
(fontspec)             'latinmodern-math.otf' with options
(fontspec)             [Scale=MatchLowercase,Renderer=Basic,BoldItalicFont={},ItalicFont={},SmallCapsFont={},Script=Math,SizeFeatures={{Size=8.5-},{Size=6-8.5,Font=latinmodern-math.otf,Style=MathScript},{Size=-6,Font=latinmodern-math.otf,Style=MathScriptScript}},RawFeature={mathfontdimen=xetex},BoldFont={latinmodern-math.otf},RawFeature={mathfontdimen=tex3}].
(fontspec)              
(fontspec)              This font family consists of the following NFSS
(fontspec)             series/shapes:
(fontspec)              
(fontspec)             - 'normal' (m/n) with NFSS spec.:
(fontspec)             <8.5->s*[0.9999964596882403]"[latinmodern-math.otf]:mode=base;script=math;language=dflt;mathfontdimen=xetex;mathfontdimen=tex3;"<6-8.5>s*[0.9999964596882403]"[latinmodern-math.otf]:mode=base;script=math;language=dflt;mathfontdimen=xetex;mathfontdimen=tex3;+ssty=0;"<-6>s*[0.9999964596882403]"[latinmodern-math.otf]:mode=base;script=math;language=dflt;mathfontdimen=xetex;mathfontdimen=tex3;+ssty=1;"
(fontspec)             - 'small caps'  (m/sc) with NFSS spec.: 
(fontspec)             - 'bold' (b/n) with NFSS spec.:
(fontspec)             <->s*[0.9999964596882403]"[latinmodern-math.otf]:mode=base;script=math;language=dflt;mathfontdimen=xetex;mathfontdimen=tex3;"
(fontspec)             - 'bold small caps'  (b/sc) with NFSS spec.: 

LaTeX Font Info:    Encoding `OMX' has changed to `TU' for symbol font
(Font)              `largesymbols' in the math version `normal' on input line 107.
LaTeX Font Info:    Overwriting symbol font `largesymbols' in version `normal'
(Font)                  OMX/lmex/m/n --> TU/latinmodern-math.otf(3)/m/n on input line 107.
LaTeX Font Info:    Encoding `OMX' has changed to `TU' for symbol font
(Font)              `largesymbols' in the math version `bold' on input line 107.
LaTeX Font Info:    Overwriting symbol font `largesymbols' in version `bold'
(Font)                  OMX/lmex/m/n --> TU/latinmodern-math.otf(3)/b/n on input line 107.
LaTeX Font Info:    Font shape `TU/latinmodern-math.otf(1)/m/n' will be
(Font)              scaled to size 7.0pt on input line 107.
LaTeX Font Info:    Font shape `TU/latinmodern-math.otf(1)/m/n' will be
(Font)              scaled to size 5.0pt on input line 107.
LaTeX Font Info:    Trying to load font information for OML+lmm on input line 107.
 (/Users/lucas/Library/TinyTeX/texmf-dist/tex/latex/lm/omllmm.fd
File: omllmm.fd 2015/05/01 v1.6.1 Font defs for Latin Modern
)
LaTeX Font Info:    Font shape `TU/latinmodern-math.otf(2)/m/n' will be
(Font)              scaled to size 10.0pt on input line 107.
LaTeX Font Info:    Font shape `TU/latinmodern-math.otf(2)/m/n' will be
(Font)              scaled to size 7.0pt on input line 107.
LaTeX Font Info:    Font shape `TU/latinmodern-math.otf(2)/m/n' will be
(Font)              scaled to size 5.0pt on input line 107.
LaTeX Font Info:    Font shape `TU/latinmodern-math.otf(3)/m/n' will be
(Font)              scaled to size 10.0pt on input line 107.
LaTeX Font Info:    Font shape `TU/latinmodern-math.otf(3)/m/n' will be
(Font)              scaled to size 7.0pt on input line 107.
LaTeX Font Info:    Font shape `TU/latinmodern-math.otf(3)/m/n' will be
(Font)              scaled to size 5.0pt on input line 107.
LaTeX Font Info:    Trying to load font information for U+msa on input line 107.
 (/Users/lucas/Library/TinyTeX/texmf-dist/tex/latex/amsfonts/umsa.fd
File: umsa.fd 2013/01/14 v3.01 AMS symbols A
)
LaTeX Font Info:    Trying to load font information for U+msb on input line 107.
 (/Users/lucas/Library/TinyTeX/texmf-dist/tex/latex/amsfonts/umsb.fd
File: umsb.fd 2013/01/14 v3.01 AMS symbols B
) (/Users/lucas/Library/TinyTeX/texmf-dist/tex/context/base/mkii/supp-pdf.mkii
[Loading MPS to PDF converter (version 2006.09.02).]
\scratchcounter=\count301
\scratchdimen=\dimen158
\scratchbox=\box55
\nofMPsegments=\count302
\nofMParguments=\count303
\everyMPshowfont=\toks24
\MPscratchCnt=\count304
\MPscratchDim=\dimen159
\MPnumerator=\count305
\makeMPintoPDFobject=\count306
\everyMPtoPDFconversion=\toks25
) (/Users/lucas/Library/TinyTeX/texmf-dist/tex/latex/epstopdf-pkg/epstopdf-base.sty
Package: epstopdf-base 2020-01-24 v2.11 Base part for package epstopdf
Package epstopdf-base Info: Redefining graphics rule for `.eps' on input line 485.
 (/Users/lucas/Library/TinyTeX/texmf-dist/tex/latex/latexconfig/epstopdf-sys.cfg
File: epstopdf-sys.cfg 2010/07/13 v1.3 Configuration of (r)epstopdf for TeX Live
))
Package hyperref Info: Link coloring OFF on input line 107.
 ("/Users/lucas/Library/Mobile Documents/com~apple~CloudDocs/~~aa Study Materials/Grade 2 I/Learning/R for Data Science/R-for-Data-Science/Review/LaTeX/.texpadtmp/REVIEW_01.out") ("/Users/lucas/Library/Mobile Documents/com~apple~CloudDocs/~~aa Study Materials/Grade 2 I/Learning/R for Data Science/R-for-Data-Science/Review/LaTeX/.texpadtmp/REVIEW_01.out")
\@outlinefile=\write4

\openout4 = REVIEW_01.out
 [1

{/Users/lucas/Library/TinyTeX/texmf-var/fonts/map/pdftex/updmap/pdftex.map}] [2] [3]
</Users/lucas/Library/Mobile Documents/com~apple~CloudDocs/~~aa Study Materials/Grade 2 I/Learning/R for Data Science/R-for-Data-Science/Review/image/data-structures-overview.png, id=246, 326.1786pt x 275.8305pt>
File: /Users/lucas/Library/Mobile Documents/com~apple~CloudDocs/~~aa Study Materials/Grade 2 I/Learning/R for Data Science/R-for-Data-Science/Review/image/data-structures-overview.png Graphic file (type png)
<use /Users/lucas/Library/Mobile Documents/com~apple~CloudDocs/~~aa Study Materials/Grade 2 I/Learning/R for Data Science/R-for-Data-Science/Review/image/data-structures-overview.png>
Package luatex.def Info: /Users/lucas/Library/Mobile Documents/com~apple~CloudDocs/~~aa Study Materials/Grade 2 I/Learning/R for Data Science/R-for-Data-Science/Review/image/data-structures-overview.png  used on input line 372.
(luatex.def)             Requested size: 326.1977pt x 275.84665pt.
 [4]
LaTeX Font Info:    Font shape `TU/lmtt/bx/n' in size <12> not available
(Font)              Font shape `TU/lmtt/b/n' tried instead on input line 404.
LaTeX Font Info:    Font shape `TU/lmtt/bx/n' in size <10> not available
(Font)              Font shape `TU/lmtt/b/n' tried instead on input line 408.
 [5</Users/lucas/Library/Mobile Documents/com~apple~CloudDocs/~~aa Study Materials/Grade 2 I/Learning/R for Data Science/R-for-Data-Science/Review/image/data-structures-overview.png>]
</Users/lucas/Library/Mobile Documents/com~apple~CloudDocs/~~aa Study Materials/Grade 2 I/Learning/R for Data Science/R-for-Data-Science/Review/image/Introduction of df.png, id=261, 720.6925pt x 178.6675pt>
File: /Users/lucas/Library/Mobile Documents/com~apple~CloudDocs/~~aa Study Materials/Grade 2 I/Learning/R for Data Science/R-for-Data-Science/Review/image/Introduction of df.png Graphic file (type png)
<use /Users/lucas/Library/Mobile Documents/com~apple~CloudDocs/~~aa Study Materials/Grade 2 I/Learning/R for Data Science/R-for-Data-Science/Review/image/Introduction of df.png>
Package luatex.def Info: /Users/lucas/Library/Mobile Documents/com~apple~CloudDocs/~~aa Study Materials/Grade 2 I/Learning/R for Data Science/R-for-Data-Science/Review/image/Introduction of df.png  used on input line 421.
(luatex.def)             Requested size: 344.99374pt x 85.52768pt.
 [6</Users/lucas/Library/Mobile Documents/com~apple~CloudDocs/~~aa Study Materials/Grade 2 I/Learning/R for Data Science/R-for-Data-Science/Review/image/Introduction of df.png>]
</Users/lucas/Library/Mobile Documents/com~apple~CloudDocs/~~aa Study Materials/Grade 2 I/Learning/R for Data Science/R-for-Data-Science/Review/image/Structure of mpg.png, id=272, 1217.54875pt x 388.45125pt>
File: /Users/lucas/Library/Mobile Documents/com~apple~CloudDocs/~~aa Study Materials/Grade 2 I/Learning/R for Data Science/R-for-Data-Science/Review/image/Structure of mpg.png Graphic file (type png)
<use /Users/lucas/Library/Mobile Documents/com~apple~CloudDocs/~~aa Study Materials/Grade 2 I/Learning/R for Data Science/R-for-Data-Science/Review/image/Structure of mpg.png>
Package luatex.def Info: /Users/lucas/Library/Mobile Documents/com~apple~CloudDocs/~~aa Study Materials/Grade 2 I/Learning/R for Data Science/R-for-Data-Science/Review/image/Structure of mpg.png  used on input line 472.
(luatex.def)             Requested size: 344.99855pt x 110.0696pt.
 [7</Users/lucas/Library/Mobile Documents/com~apple~CloudDocs/~~aa Study Materials/Grade 2 I/Learning/R for Data Science/R-for-Data-Science/Review/image/Structure of mpg.png>] [8] [9
Missing character: There is no ℹ (U+2139) in font [lmmono10-italic]:!
] [10] [11
Missing character: There is no ℹ (U+2139) in font [lmmono10-italic]:!
] [12] [13] [14] [15] [16]
</Users/lucas/Library/Mobile Documents/com~apple~CloudDocs/~~aa Study Materials/Grade 2 I/Learning/R for Data Science/R-for-Data-Science/Review/image/r_sessions.png, id=342, 1037.8775pt x 362.35374pt>
File: /Users/lucas/Library/Mobile Documents/com~apple~CloudDocs/~~aa Study Materials/Grade 2 I/Learning/R for Data Science/R-for-Data-Science/Review/image/r_sessions.png Graphic file (type png)
<use /Users/lucas/Library/Mobile Documents/com~apple~CloudDocs/~~aa Study Materials/Grade 2 I/Learning/R for Data Science/R-for-Data-Science/Review/image/r_sessions.png>
Package luatex.def Info: /Users/lucas/Library/Mobile Documents/com~apple~CloudDocs/~~aa Study Materials/Grade 2 I/Learning/R for Data Science/R-for-Data-Science/Review/image/r_sessions.png  used on input line 1170.
(luatex.def)             Requested size: 345.00284pt x 120.4507pt.
 [17]
</Users/lucas/Library/Mobile Documents/com~apple~CloudDocs/~~aa Study Materials/Grade 2 I/Learning/R for Data Science/R-for-Data-Science/Review/image/r_session_in_rstudio.png, id=350, 1091.07625pt x 555.07375pt>
File: /Users/lucas/Library/Mobile Documents/com~apple~CloudDocs/~~aa Study Materials/Grade 2 I/Learning/R for Data Science/R-for-Data-Science/Review/image/r_session_in_rstudio.png Graphic file (type png)
<use /Users/lucas/Library/Mobile Documents/com~apple~CloudDocs/~~aa Study Materials/Grade 2 I/Learning/R for Data Science/R-for-Data-Science/Review/image/r_session_in_rstudio.png>
Package luatex.def Info: /Users/lucas/Library/Mobile Documents/com~apple~CloudDocs/~~aa Study Materials/Grade 2 I/Learning/R for Data Science/R-for-Data-Science/Review/image/r_session_in_rstudio.png  used on input line 1184.
(luatex.def)             Requested size: 344.98941pt x 175.50978pt.
</Users/lucas/Library/Mobile Documents/com~apple~CloudDocs/~~aa Study Materials/Grade 2 I/Learning/R for Data Science/R-for-Data-Science/Review/image/image-20231202111619635.png, id=351, 1686.3pt x 1053.9375pt>
File: /Users/lucas/Library/Mobile Documents/com~apple~CloudDocs/~~aa Study Materials/Grade 2 I/Learning/R for Data Science/R-for-Data-Science/Review/image/image-20231202111619635.png Graphic file (type png)
<use /Users/lucas/Library/Mobile Documents/com~apple~CloudDocs/~~aa Study Materials/Grade 2 I/Learning/R for Data Science/R-for-Data-Science/Review/image/image-20231202111619635.png>
Package luatex.def Info: /Users/lucas/Library/Mobile Documents/com~apple~CloudDocs/~~aa Study Materials/Grade 2 I/Learning/R for Data Science/R-for-Data-Science/Review/image/image-20231202111619635.png  used on input line 1190.
(luatex.def)             Requested size: 344.99901pt x 215.62437pt.
 [18</Users/lucas/Library/Mobile Documents/com~apple~CloudDocs/~~aa Study Materials/Grade 2 I/Learning/R for Data Science/R-for-Data-Science/Review/image/r_sessions.png></Users/lucas/Library/Mobile Documents/com~apple~CloudDocs/~~aa Study Materials/Grade 2 I/Learning/R for Data Science/R-for-Data-Science/Review/image/r_session_in_rstudio.png>]
</Users/lucas/Library/Mobile Documents/com~apple~CloudDocs/~~aa Study Materials/Grade 2 I/Learning/R for Data Science/R-for-Data-Science/Review/image/rstudio_create_new_project.png, id=363, 431.211pt x 142.131pt>
File: /Users/lucas/Library/Mobile Documents/com~apple~CloudDocs/~~aa Study Materials/Grade 2 I/Learning/R for Data Science/R-for-Data-Science/Review/image/rstudio_create_new_project.png Graphic file (type png)
<use /Users/lucas/Library/Mobile Documents/com~apple~CloudDocs/~~aa Study Materials/Grade 2 I/Learning/R for Data Science/R-for-Data-Science/Review/image/rstudio_create_new_project.png>
Package luatex.def Info: /Users/lucas/Library/Mobile Documents/com~apple~CloudDocs/~~aa Study Materials/Grade 2 I/Learning/R for Data Science/R-for-Data-Science/Review/image/rstudio_create_new_project.png  used on input line 1229.
(luatex.def)             Requested size: 320.0123pt x 105.4789pt.
 [19</Users/lucas/Library/Mobile Documents/com~apple~CloudDocs/~~aa Study Materials/Grade 2 I/Learning/R for Data Science/R-for-Data-Science/Review/image/image-20231202111619635.png>]
</Users/lucas/Library/Mobile Documents/com~apple~CloudDocs/~~aa Study Materials/Grade 2 I/Learning/R for Data Science/R-for-Data-Science/Review/image/rstudio_create_project_2.png, id=371, 256.7994pt x 182.6022pt>
File: /Users/lucas/Library/Mobile Documents/com~apple~CloudDocs/~~aa Study Materials/Grade 2 I/Learning/R for Data Science/R-for-Data-Science/Review/image/rstudio_create_project_2.png Graphic file (type png)
<use /Users/lucas/Library/Mobile Documents/com~apple~CloudDocs/~~aa Study Materials/Grade 2 I/Learning/R for Data Science/R-for-Data-Science/Review/image/rstudio_create_project_2.png>
Package luatex.def Info: /Users/lucas/Library/Mobile Documents/com~apple~CloudDocs/~~aa Study Materials/Grade 2 I/Learning/R for Data Science/R-for-Data-Science/Review/image/rstudio_create_project_2.png  used on input line 1233.
(luatex.def)             Requested size: 256.8066pt x 182.60732pt.
</Users/lucas/Library/Mobile Documents/com~apple~CloudDocs/~~aa Study Materials/Grade 2 I/Learning/R for Data Science/R-for-Data-Science/Review/image/rstudio_create_new_project_3.png, id=372, 552.0625pt x 204.765pt>
File: /Users/lucas/Library/Mobile Documents/com~apple~CloudDocs/~~aa Study Materials/Grade 2 I/Learning/R for Data Science/R-for-Data-Science/Review/image/rstudio_create_new_project_3.png Graphic file (type png)
<use /Users/lucas/Library/Mobile Documents/com~apple~CloudDocs/~~aa Study Materials/Grade 2 I/Learning/R for Data Science/R-for-Data-Science/Review/image/rstudio_create_new_project_3.png>
Package luatex.def Info: /Users/lucas/Library/Mobile Documents/com~apple~CloudDocs/~~aa Study Materials/Grade 2 I/Learning/R for Data Science/R-for-Data-Science/Review/image/rstudio_create_new_project_3.png  used on input line 1237.
(luatex.def)             Requested size: 320.01114pt x 118.69502pt.
 [20</Users/lucas/Library/Mobile Documents/com~apple~CloudDocs/~~aa Study Materials/Grade 2 I/Learning/R for Data Science/R-for-Data-Science/Review/image/rstudio_create_new_project.png></Users/lucas/Library/Mobile Documents/com~apple~CloudDocs/~~aa Study Materials/Grade 2 I/Learning/R for Data Science/R-for-Data-Science/Review/image/rstudio_create_project_2.png></Users/lucas/Library/Mobile Documents/com~apple~CloudDocs/~~aa Study Materials/Grade 2 I/Learning/R for Data Science/R-for-Data-Science/Review/image/rstudio_create_new_project_3.png>]
</Users/lucas/Library/Mobile Documents/com~apple~CloudDocs/~~aa Study Materials/Grade 2 I/Learning/R for Data Science/R-for-Data-Science/Review/image/rstudio_enviroment_window.png, id=381, 687.56876pt x 394.47375pt>
File: /Users/lucas/Library/Mobile Documents/com~apple~CloudDocs/~~aa Study Materials/Grade 2 I/Learning/R for Data Science/R-for-Data-Science/Review/image/rstudio_enviroment_window.png Graphic file (type png)
<use /Users/lucas/Library/Mobile Documents/com~apple~CloudDocs/~~aa Study Materials/Grade 2 I/Learning/R for Data Science/R-for-Data-Science/Review/image/rstudio_enviroment_window.png>
Package luatex.def Info: /Users/lucas/Library/Mobile Documents/com~apple~CloudDocs/~~aa Study Materials/Grade 2 I/Learning/R for Data Science/R-for-Data-Science/Review/image/rstudio_enviroment_window.png  used on input line 1263.
(luatex.def)             Requested size: 345.00053pt x 197.9346pt.
 [21</Users/lucas/Library/Mobile Documents/com~apple~CloudDocs/~~aa Study Materials/Grade 2 I/Learning/R for Data Science/R-for-Data-Science/Review/image/rstudio_enviroment_window.png>]
</Users/lucas/Library/Mobile Documents/com~apple~CloudDocs/~~aa Study Materials/Grade 2 I/Learning/R for Data Science/R-for-Data-Science/Review/image/Rstudio_close_a_project.png, id=391, 1168.365pt x 179.67125pt>
File: /Users/lucas/Library/Mobile Documents/com~apple~CloudDocs/~~aa Study Materials/Grade 2 I/Learning/R for Data Science/R-for-Data-Science/Review/image/Rstudio_close_a_project.png Graphic file (type png)
<use /Users/lucas/Library/Mobile Documents/com~apple~CloudDocs/~~aa Study Materials/Grade 2 I/Learning/R for Data Science/R-for-Data-Science/Review/image/Rstudio_close_a_project.png>
Package luatex.def Info: /Users/lucas/Library/Mobile Documents/com~apple~CloudDocs/~~aa Study Materials/Grade 2 I/Learning/R for Data Science/R-for-Data-Science/Review/image/Rstudio_close_a_project.png  used on input line 1317.
(luatex.def)             Requested size: 319.99103pt x 49.20824pt.
</Users/lucas/Library/Mobile Documents/com~apple~CloudDocs/~~aa Study Materials/Grade 2 I/Learning/R for Data Science/R-for-Data-Science/Review/image/rstudio_project_options.png, id=392, 548.0475pt x 265.99374pt>
File: /Users/lucas/Library/Mobile Documents/com~apple~CloudDocs/~~aa Study Materials/Grade 2 I/Learning/R for Data Science/R-for-Data-Science/Review/image/rstudio_project_options.png Graphic file (type png)
<use /Users/lucas/Library/Mobile Documents/com~apple~CloudDocs/~~aa Study Materials/Grade 2 I/Learning/R for Data Science/R-for-Data-Science/Review/image/rstudio_project_options.png>
Package luatex.def Info: /Users/lucas/Library/Mobile Documents/com~apple~CloudDocs/~~aa Study Materials/Grade 2 I/Learning/R for Data Science/R-for-Data-Science/Review/image/rstudio_project_options.png  used on input line 1321.
(luatex.def)             Requested size: 320.00858pt x 155.3155pt.
</Users/lucas/Library/Mobile Documents/com~apple~CloudDocs/~~aa Study Materials/Grade 2 I/Learning/R for Data Science/R-for-Data-Science/Review/image/pycharm_project_options.png, id=393, 1000.73875pt x 718.685pt>
File: /Users/lucas/Library/Mobile Documents/com~apple~CloudDocs/~~aa Study Materials/Grade 2 I/Learning/R for Data Science/R-for-Data-Science/Review/image/pycharm_project_options.png Graphic file (type png)
<use /Users/lucas/Library/Mobile Documents/com~apple~CloudDocs/~~aa Study Materials/Grade 2 I/Learning/R for Data Science/R-for-Data-Science/Review/image/pycharm_project_options.png>
Package luatex.def Info: /Users/lucas/Library/Mobile Documents/com~apple~CloudDocs/~~aa Study Materials/Grade 2 I/Learning/R for Data Science/R-for-Data-Science/Review/image/pycharm_project_options.png  used on input line 1328.
(luatex.def)             Requested size: 344.99565pt x 247.76016pt.
 [22</Users/lucas/Library/Mobile Documents/com~apple~CloudDocs/~~aa Study Materials/Grade 2 I/Learning/R for Data Science/R-for-Data-Science/Review/image/Rstudio_close_a_project.png></Users/lucas/Library/Mobile Documents/com~apple~CloudDocs/~~aa Study Materials/Grade 2 I/Learning/R for Data Science/R-for-Data-Science/Review/image/rstudio_project_options.png>]
</Users/lucas/Library/Mobile Documents/com~apple~CloudDocs/~~aa Study Materials/Grade 2 I/Learning/R for Data Science/R-for-Data-Science/Review/image/rstudio_open_a_project.png, id=399, 508.90125pt x 269.005pt>
File: /Users/lucas/Library/Mobile Documents/com~apple~CloudDocs/~~aa Study Materials/Grade 2 I/Learning/R for Data Science/R-for-Data-Science/Review/image/rstudio_open_a_project.png Graphic file (type png)
<use /Users/lucas/Library/Mobile Documents/com~apple~CloudDocs/~~aa Study Materials/Grade 2 I/Learning/R for Data Science/R-for-Data-Science/Review/image/rstudio_open_a_project.png>
Package luatex.def Info: /Users/lucas/Library/Mobile Documents/com~apple~CloudDocs/~~aa Study Materials/Grade 2 I/Learning/R for Data Science/R-for-Data-Science/Review/image/rstudio_open_a_project.png  used on input line 1344.
(luatex.def)             Requested size: 345.0155pt x 182.37505pt.
 [23</Users/lucas/Library/Mobile Documents/com~apple~CloudDocs/~~aa Study Materials/Grade 2 I/Learning/R for Data Science/R-for-Data-Science/Review/image/pycharm_project_options.png></Users/lucas/Library/Mobile Documents/com~apple~CloudDocs/~~aa Study Materials/Grade 2 I/Learning/R for Data Science/R-for-Data-Science/Review/image/rstudio_open_a_project.png>] [24
Missing character: There is no ℹ (U+2139) in font [lmmono10-italic]:!
]
</Users/lucas/Library/Mobile Documents/com~apple~CloudDocs/~~aa Study Materials/Grade 2 I/Learning/R for Data Science/R-for-Data-Science/Review/image/image-20231202114121080.png, id=412, 262.9825pt x 327.2225pt>
File: /Users/lucas/Library/Mobile Documents/com~apple~CloudDocs/~~aa Study Materials/Grade 2 I/Learning/R for Data Science/R-for-Data-Science/Review/image/image-20231202114121080.png Graphic file (type png)
<use /Users/lucas/Library/Mobile Documents/com~apple~CloudDocs/~~aa Study Materials/Grade 2 I/Learning/R for Data Science/R-for-Data-Science/Review/image/image-20231202114121080.png>
Package luatex.def Info: /Users/lucas/Library/Mobile Documents/com~apple~CloudDocs/~~aa Study Materials/Grade 2 I/Learning/R for Data Science/R-for-Data-Science/Review/image/image-20231202114121080.png  used on input line 1434.
(luatex.def)             Requested size: 262.98184pt x 327.2217pt.
 [25]
</Users/lucas/Library/Mobile Documents/com~apple~CloudDocs/~~aa Study Materials/Grade 2 I/Learning/R for Data Science/R-for-Data-Science/Review/image/image-20231202114937281.png, id=418, 269.005pt x 199.74625pt>
File: /Users/lucas/Library/Mobile Documents/com~apple~CloudDocs/~~aa Study Materials/Grade 2 I/Learning/R for Data Science/R-for-Data-Science/Review/image/image-20231202114937281.png Graphic file (type png)
<use /Users/lucas/Library/Mobile Documents/com~apple~CloudDocs/~~aa Study Materials/Grade 2 I/Learning/R for Data Science/R-for-Data-Science/Review/image/image-20231202114937281.png>
Package luatex.def Info: /Users/lucas/Library/Mobile Documents/com~apple~CloudDocs/~~aa Study Materials/Grade 2 I/Learning/R for Data Science/R-for-Data-Science/Review/image/image-20231202114937281.png  used on input line 1451.
(luatex.def)             Requested size: 269.00844pt x 199.7488pt.
 [26</Users/lucas/Library/Mobile Documents/com~apple~CloudDocs/~~aa Study Materials/Grade 2 I/Learning/R for Data Science/R-for-Data-Science/Review/image/image-20231202114121080.png>]
</Users/lucas/Library/Mobile Documents/com~apple~CloudDocs/~~aa Study Materials/Grade 2 I/Learning/R for Data Science/R-for-Data-Science/Review/image/response_barplot.png, id=425, 289.08pt x 289.08pt>
File: /Users/lucas/Library/Mobile Documents/com~apple~CloudDocs/~~aa Study Materials/Grade 2 I/Learning/R for Data Science/R-for-Data-Science/Review/image/response_barplot.png Graphic file (type png)
<use /Users/lucas/Library/Mobile Documents/com~apple~CloudDocs/~~aa Study Materials/Grade 2 I/Learning/R for Data Science/R-for-Data-Science/Review/image/response_barplot.png>
Package luatex.def Info: /Users/lucas/Library/Mobile Documents/com~apple~CloudDocs/~~aa Study Materials/Grade 2 I/Learning/R for Data Science/R-for-Data-Science/Review/image/response_barplot.png  used on input line 1491.
(luatex.def)             Requested size: 289.09251pt x 289.09251pt.
 [27</Users/lucas/Library/Mobile Documents/com~apple~CloudDocs/~~aa Study Materials/Grade 2 I/Learning/R for Data Science/R-for-Data-Science/Review/image/image-20231202114937281.png>]
</Users/lucas/Library/Mobile Documents/com~apple~CloudDocs/~~aa Study Materials/Grade 2 I/Learning/R for Data Science/R-for-Data-Science/Review/image/response_barplot2.png, id=432, 289.08pt x 289.08pt>
File: /Users/lucas/Library/Mobile Documents/com~apple~CloudDocs/~~aa Study Materials/Grade 2 I/Learning/R for Data Science/R-for-Data-Science/Review/image/response_barplot2.png Graphic file (type png)
<use /Users/lucas/Library/Mobile Documents/com~apple~CloudDocs/~~aa Study Materials/Grade 2 I/Learning/R for Data Science/R-for-Data-Science/Review/image/response_barplot2.png>
Package luatex.def Info: /Users/lucas/Library/Mobile Documents/com~apple~CloudDocs/~~aa Study Materials/Grade 2 I/Learning/R for Data Science/R-for-Data-Science/Review/image/response_barplot2.png  used on input line 1520.
(luatex.def)             Requested size: 289.09251pt x 289.09251pt.
 [28</Users/lucas/Library/Mobile Documents/com~apple~CloudDocs/~~aa Study Materials/Grade 2 I/Learning/R for Data Science/R-for-Data-Science/Review/image/response_barplot.png>]
</Users/lucas/Library/Mobile Documents/com~apple~CloudDocs/~~aa Study Materials/Grade 2 I/Learning/R for Data Science/R-for-Data-Science/Review/image/image-20231202134409231.png, id=437, 245.91875pt x 54.2025pt>
File: /Users/lucas/Library/Mobile Documents/com~apple~CloudDocs/~~aa Study Materials/Grade 2 I/Learning/R for Data Science/R-for-Data-Science/Review/image/image-20231202134409231.png Graphic file (type png)
<use /Users/lucas/Library/Mobile Documents/com~apple~CloudDocs/~~aa Study Materials/Grade 2 I/Learning/R for Data Science/R-for-Data-Science/Review/image/image-20231202134409231.png>
Package luatex.def Info: /Users/lucas/Library/Mobile Documents/com~apple~CloudDocs/~~aa Study Materials/Grade 2 I/Learning/R for Data Science/R-for-Data-Science/Review/image/image-20231202134409231.png  used on input line 1535.
(luatex.def)             Requested size: 245.92938pt x 54.20483pt.
 [29</Users/lucas/Library/Mobile Documents/com~apple~CloudDocs/~~aa Study Materials/Grade 2 I/Learning/R for Data Science/R-for-Data-Science/Review/image/response_barplot2.png></Users/lucas/Library/Mobile Documents/com~apple~CloudDocs/~~aa Study Materials/Grade 2 I/Learning/R for Data Science/R-for-Data-Science/Review/image/image-20231202134409231.png>]
</Users/lucas/Library/Mobile Documents/com~apple~CloudDocs/~~aa Study Materials/Grade 2 I/Learning/R for Data Science/R-for-Data-Science/Review/image/image-20231202135555790.png, id=445, 508.90125pt x 188.705pt>
File: /Users/lucas/Library/Mobile Documents/com~apple~CloudDocs/~~aa Study Materials/Grade 2 I/Learning/R for Data Science/R-for-Data-Science/Review/image/image-20231202135555790.png Graphic file (type png)
<use /Users/lucas/Library/Mobile Documents/com~apple~CloudDocs/~~aa Study Materials/Grade 2 I/Learning/R for Data Science/R-for-Data-Science/Review/image/image-20231202135555790.png>
Package luatex.def Info: /Users/lucas/Library/Mobile Documents/com~apple~CloudDocs/~~aa Study Materials/Grade 2 I/Learning/R for Data Science/R-for-Data-Science/Review/image/image-20231202135555790.png  used on input line 1593.
(luatex.def)             Requested size: 345.0155pt x 127.93472pt.
 [30</Users/lucas/Library/Mobile Documents/com~apple~CloudDocs/~~aa Study Materials/Grade 2 I/Learning/R for Data Science/R-for-Data-Science/Review/image/image-20231202135555790.png>]
</Users/lucas/Library/Mobile Documents/com~apple~CloudDocs/~~aa Study Materials/Grade 2 I/Learning/R for Data Science/R-for-Data-Science/Review/image/image-20231202135803901.png, id=453, 1474.50874pt x 251.94125pt>
File: /Users/lucas/Library/Mobile Documents/com~apple~CloudDocs/~~aa Study Materials/Grade 2 I/Learning/R for Data Science/R-for-Data-Science/Review/image/image-20231202135803901.png Graphic file (type png)
<use /Users/lucas/Library/Mobile Documents/com~apple~CloudDocs/~~aa Study Materials/Grade 2 I/Learning/R for Data Science/R-for-Data-Science/Review/image/image-20231202135803901.png>
Package luatex.def Info: /Users/lucas/Library/Mobile Documents/com~apple~CloudDocs/~~aa Study Materials/Grade 2 I/Learning/R for Data Science/R-for-Data-Science/Review/image/image-20231202135803901.png  used on input line 1611.
(luatex.def)             Requested size: 344.97966pt x 58.94478pt.
</Users/lucas/Library/Mobile Documents/com~apple~CloudDocs/~~aa Study Materials/Grade 2 I/Learning/R for Data Science/R-for-Data-Science/Review/image/mouse_gene_plot01.png, id=454, 642.4pt x 481.8pt>
File: /Users/lucas/Library/Mobile Documents/com~apple~CloudDocs/~~aa Study Materials/Grade 2 I/Learning/R for Data Science/R-for-Data-Science/Review/image/mouse_gene_plot01.png Graphic file (type png)
<use /Users/lucas/Library/Mobile Documents/com~apple~CloudDocs/~~aa Study Materials/Grade 2 I/Learning/R for Data Science/R-for-Data-Science/Review/image/mouse_gene_plot01.png>
Package luatex.def Info: /Users/lucas/Library/Mobile Documents/com~apple~CloudDocs/~~aa Study Materials/Grade 2 I/Learning/R for Data Science/R-for-Data-Science/Review/image/mouse_gene_plot01.png  used on input line 1616.
(luatex.def)             Requested size: 345.0088pt x 258.75659pt.
</Users/lucas/Library/Mobile Documents/com~apple~CloudDocs/~~aa Study Materials/Grade 2 I/Learning/R for Data Science/R-for-Data-Science/Review/image/image-20231202141212937.png, id=455, 558.085pt x 111.41624pt>
File: /Users/lucas/Library/Mobile Documents/com~apple~CloudDocs/~~aa Study Materials/Grade 2 I/Learning/R for Data Science/R-for-Data-Science/Review/image/image-20231202141212937.png Graphic file (type png)
<use /Users/lucas/Library/Mobile Documents/com~apple~CloudDocs/~~aa Study Materials/Grade 2 I/Learning/R for Data Science/R-for-Data-Science/Review/image/image-20231202141212937.png>
Package luatex.def Info: /Users/lucas/Library/Mobile Documents/com~apple~CloudDocs/~~aa Study Materials/Grade 2 I/Learning/R for Data Science/R-for-Data-Science/Review/image/image-20231202141212937.png  used on input line 1629.
(luatex.def)             Requested size: 345.0128pt x 68.87845pt.
 [31</Users/lucas/Library/Mobile Documents/com~apple~CloudDocs/~~aa Study Materials/Grade 2 I/Learning/R for Data Science/R-for-Data-Science/Review/image/image-20231202135803901.png></Users/lucas/Library/Mobile Documents/com~apple~CloudDocs/~~aa Study Materials/Grade 2 I/Learning/R for Data Science/R-for-Data-Science/Review/image/mouse_gene_plot01.png>]
</Users/lucas/Library/Mobile Documents/com~apple~CloudDocs/~~aa Study Materials/Grade 2 I/Learning/R for Data Science/R-for-Data-Science/Review/image/mouse_gene_plot02.png, id=463, 770.88pt x 216.81pt>
File: /Users/lucas/Library/Mobile Documents/com~apple~CloudDocs/~~aa Study Materials/Grade 2 I/Learning/R for Data Science/R-for-Data-Science/Review/image/mouse_gene_plot02.png Graphic file (type png)
<use /Users/lucas/Library/Mobile Documents/com~apple~CloudDocs/~~aa Study Materials/Grade 2 I/Learning/R for Data Science/R-for-Data-Science/Review/image/mouse_gene_plot02.png>
Package luatex.def Info: /Users/lucas/Library/Mobile Documents/com~apple~CloudDocs/~~aa Study Materials/Grade 2 I/Learning/R for Data Science/R-for-Data-Science/Review/image/mouse_gene_plot02.png  used on input line 1633.
(luatex.def)             Requested size: 344.99901pt x 97.03096pt.
 [32</Users/lucas/Library/Mobile Documents/com~apple~CloudDocs/~~aa Study Materials/Grade 2 I/Learning/R for Data Science/R-for-Data-Science/Review/image/image-20231202141212937.png></Users/lucas/Library/Mobile Documents/com~apple~CloudDocs/~~aa Study Materials/Grade 2 I/Learning/R for Data Science/R-for-Data-Science/Review/image/mouse_gene_plot02.png>]
</Users/lucas/Library/Mobile Documents/com~apple~CloudDocs/~~aa Study Materials/Grade 2 I/Learning/R for Data Science/R-for-Data-Science/Review/image/mouse_gene_plot03.png, id=469, 404.712pt x 252.945pt>
File: /Users/lucas/Library/Mobile Documents/com~apple~CloudDocs/~~aa Study Materials/Grade 2 I/Learning/R for Data Science/R-for-Data-Science/Review/image/mouse_gene_plot03.png Graphic file (type png)
<use /Users/lucas/Library/Mobile Documents/com~apple~CloudDocs/~~aa Study Materials/Grade 2 I/Learning/R for Data Science/R-for-Data-Science/Review/image/mouse_gene_plot03.png>
Package luatex.def Info: /Users/lucas/Library/Mobile Documents/com~apple~CloudDocs/~~aa Study Materials/Grade 2 I/Learning/R for Data Science/R-for-Data-Science/Review/image/mouse_gene_plot03.png  used on input line 1691.
(luatex.def)             Requested size: 345.01959pt x 215.63724pt.
 [33</Users/lucas/Library/Mobile Documents/com~apple~CloudDocs/~~aa Study Materials/Grade 2 I/Learning/R for Data Science/R-for-Data-Science/Review/image/mouse_gene_plot03.png>] [34]
("/Users/lucas/Library/Mobile Documents/com~apple~CloudDocs/~~aa Study Materials/Grade 2 I/Learning/R for Data Science/R-for-Data-Science/Review/LaTeX/.texpadtmp/REVIEW_01.aux")
 ***********
LaTeX2e <2023-11-01>
L3 programming layer <2023-11-01>
 ***********
Package rerunfilecheck Info: File `REVIEW_01.out' has not changed.
(rerunfilecheck)             Checksum: BD6441F3BEE1A50E3266900D5C04BAA7;10330.
)

Here is how much of LuaTeX's memory you used:
 17933 strings out of 476603
 125027,1977958 words of node,token memory allocated
 512 words of node memory still in use:
   6 hlist, 2 vlist, 2 rule, 2 glue, 4 kern, 1 glyph, 7 attribute, 56 glue_spec, 7 attribute_list, 1 write, 1 user_defined nodes
   avail lists: 1:1,2:765,3:256,4:282,5:329,6:61,7:4092,8:2,9:284,10:8,11:238
 39386 multiletter control sequences out of 65536+600000
 48 fonts using 12069519 bytes
 90i,6n,120p,453b,545s stack positions out of 10000i,1000n,20000p,200000b,200000s
</Users/lucas/Library/TinyTeX/texmf-dist/fonts/opentype/public/lm/lmroman10-italic.otf></Users/lucas/Library/TinyTeX/texmf-dist/fonts/opentype/public/lm/lmmonolt10-bold.otf></Users/lucas/Library/TinyTeX/texmf-dist/fonts/opentype/public/lm/lmmono10-italic.otf></Users/lucas/Library/TinyTeX/texmf-dist/fonts/opentype/public/lm/lmmono10-regular.otf></Users/lucas/Library/TinyTeX/texmf-dist/fonts/opentype/public/lm/lmroman7-regular.otf></Users/lucas/Library/TinyTeX/texmf-dist/fonts/opentype/public/lm/lmroman10-regular.otf></Users/lucas/Library/TinyTeX/texmf-dist/fonts/opentype/public/lm/lmroman10-bold.otf></Users/lucas/Library/TinyTeX/texmf-dist/fonts/opentype/public/lm/lmroman12-bold.otf>
Output written on REVIEW_01.pdf (34 pages, 4656644 bytes).

PDF statistics: 539 PDF objects out of 1000 (max. 8388607)
 432 compressed objects within 5 object streams
 141 named destinations out of 1000 (max. 131072)
 409 words of extra memory for PDF output out of 10000 (max. 100000000)

